

<!DOCTYPE html>
<html>
<head>
<meta charset="UTF-8">
<meta name="viewport" content="width=device-width, initial-scale=1, shrink-to-fit=no">
<title></title>
<link rel="apple-touch-icon" href="https://cdn.jsdelivr.net/gh/extent-framework/extent-github-cdn@b00a2d0486596e73dd7326beacf352c639623a0e/commons/img/logo.png">
<link rel="shortcut icon" href="https://cdn.jsdelivr.net/gh/extent-framework/extent-github-cdn@b00a2d0486596e73dd7326beacf352c639623a0e/commons/img/logo.png">
<link href="https://cdn.jsdelivr.net/gh/extent-framework/extent-github-cdn@d6562a79075e061305ccfdb82f01e5e195e2d307/spark/css/spark-style.css" rel="stylesheet" />
<link href="https://stackpath.bootstrapcdn.com/font-awesome/4.7.0/css/font-awesome.min.css" rel="stylesheet">
<script src="https://cdn.jsdelivr.net/gh/extent-framework/extent-github-cdn@7cc78ce/spark/js/jsontree.js"></script>
<style type="text/css"></style></head><body class="spa bdd-report standard">
  <div class="app">
    <div class="layout">
<div class="header navbar">
<div class="vheader">
<div class="nav-logo">
<a href="#">
<div class="logo" style="background-image: url('https://cdn.jsdelivr.net/gh/extent-framework/extent-github-cdn@b00a2d0486596e73dd7326beacf352c639623a0e/commons/img/logo.png')"></div>
</a>
</div>
<ul class="nav-left">
<li class="search-box">
<a class="search-toggle" href="#">
<i class="search-icon fa fa-search"></i>
<i class="search-icon-close fa fa-close"></i>
</a>
</li>
<li class="search-input"><input id="search-tests" class="form-control" type="text" placeholder="Search..."></li>
</ul>
<ul class="nav-right">
<li class="m-r-10">
<a href="#"><span class="badge badge-primary"></span></a>
</li>
<li class="m-r-10">
<a href="#"><span class="badge badge-primary">Nov 6, 2023 06:58:04 pm</span></a>
</li>
</ul>
</div>
</div><div class="side-nav">
<div class="side-nav-inner">
<ul class="side-nav-menu">
<li class="nav-item dropdown" onclick="toggleView('test-view')">
<a id="nav-test" class="dropdown-toggle" href="#">
<span class="ico"><i class="fa fa-list"></i></span>
</a>
</li>
<li class="nav-item dropdown" onclick="toggleView('exception-view')">
<a id="nav-exception" class="dropdown-toggle" href="#">
<span class="ico"><i class="fa fa-bug"></i></span>
</a>
</li>
<li class="nav-item dropdown" onclick="toggleView('dashboard-view')">
<a id="nav-dashboard" class="dropdown-toggle" href="#">
<span class="ico"><i class="fa fa-bar-chart"></i></span>
</a>
</li>
</ul>
</div>
</div>      <div class="vcontainer">
        <div class="main-content">
<div class="test-wrapper row view test-view">
  <div class="test-list">
    <div class="test-list-tools">
<ul class="tools pull-left">
<li><a href="#"><span class="font-size-14">Tests</span></a></li>
</ul>
<ul class="tools text-right">
<li class="dropdown">
<a href="#" class="dropdown-toggle" data-toggle="dropdown"><i class="fa fa-exclamation-circle"></i></a>
<ul id="status-toggle" class="dropdown-menu dropdown-md p-v-0">
<a class="dropdown-item" status="fail" href="#"><span>Fail</span><span class="status danger"></span></a>
<div class="dropdown-divider"></div>
<a status="clear" class="dropdown-item" href="#"><span>Clear</span><span class="pull-right"><i class="fa fa-close"></i></span></a>
</ul>
</li>
</ul>
</div>    <div class="test-list-wrapper scrollable">
      <ul class="test-list-item">
        <li class="test-item"  status="fail" test-id="1"
          author=""
          tag=""
          device="">
          <div class="test-detail">
            <p class="name">Home page</p>
            <p class="text-sm">
              <span>6:58:05 pm</span> / <span>00:00:10:274</span>
              <span class="badge fail-bg log float-right">Fail</span>
            </p>
          </div>
          <div class="test-contents d-none">
<div class="detail-head">
<div class="p-v-10">
<div class="info">
<h5 class="test-status text-fail">Home page</h5>
<span class='badge badge-success'>11.06.2023 6:58:05 pm</span>
<span class='badge badge-danger'>11.06.2023 6:58:15 pm</span>
<span class='badge badge-default'>00:00:10:274</span>
&middot; <span class='uri-anchor badge badge-default'>#test-id=1</span>
<span class='badge badge-default pointer float-right ml-1 et'><i class="fa fa-chevron-down"></i></span>
<span class='badge badge-default pointer float-right ct'><i class="fa fa-chevron-up"></i></span>
</div>
<div class="m-t-10 m-l-5"></div>
</div>
</div>
<div class="accordion mt-4">
  <div class="card">
    <div class="card-header" role="tab">
      <div class="card-title">
        <div class="node" id="2"><span class="badge log fail-bg mr-2">Fail</span>Check home page</div>
      </div>
    </div>
        <div class="">
          <div class="card-body">
              <div class="step fail-bg" title="BEFORE">
                <span>stepDefinitions.Hooks.setup()</span>
      <div>
        <textarea disabled class="code-block">org.openqa.selenium.remote.NoSuchDriverException: Unable to obtain: Capabilities {browserName: chrome, goog:chromeOptions: {args: [--remote-allow-origins=*], extensions: []}}
	at org.openqa.selenium.remote.service.DriverFinder.getPath(DriverFinder.java:29)
	at org.openqa.selenium.chrome.ChromeDriver.generateExecutor(ChromeDriver.java:98)
	at org.openqa.selenium.chrome.ChromeDriver.<init>(ChromeDriver.java:87)
	at org.openqa.selenium.chrome.ChromeDriver.<init>(ChromeDriver.java:82)
	at org.openqa.selenium.chrome.ChromeDriver.<init>(ChromeDriver.java:50)
	at base.TestBase.launchDriver(TestBase.java:32)
	at stepDefinitions.Hooks.setup(Hooks.java:20)
Caused by: org.openqa.selenium.WebDriverException: Unsuccessful command executed: [C:\Users\shubh\AppData\Local\Temp\selenium-manager75145787882693008495441656172178835\selenium-manager.exe, --browser, chrome, --output, json]
The chromedriver version cannot be discovered
Build info: version: '4.10.0', revision: 'c14d967899'
System info: os.name: 'Windows 11', os.arch: 'amd64', os.version: '10.0', java.version: '17.0.4.1'
Driver info: driver.version: ChromeDriver
	at org.openqa.selenium.manager.SeleniumManager.runCommand(SeleniumManager.java:130)
	at org.openqa.selenium.manager.SeleniumManager.getDriverPath(SeleniumManager.java:251)
	at org.openqa.selenium.remote.service.DriverFinder.getPath(DriverFinder.java:27)
	at org.openqa.selenium.chrome.ChromeDriver.generateExecutor(ChromeDriver.java:98)
	at org.openqa.selenium.chrome.ChromeDriver.<init>(ChromeDriver.java:87)
	at org.openqa.selenium.chrome.ChromeDriver.<init>(ChromeDriver.java:82)
	at org.openqa.selenium.chrome.ChromeDriver.<init>(ChromeDriver.java:50)
	at base.TestBase.launchDriver(TestBase.java:32)
	at stepDefinitions.Hooks.setup(Hooks.java:20)
	at java.base/jdk.internal.reflect.NativeMethodAccessorImpl.invoke0(Native Method)
	at java.base/jdk.internal.reflect.NativeMethodAccessorImpl.invoke(NativeMethodAccessorImpl.java:77)
	at java.base/jdk.internal.reflect.DelegatingMethodAccessorImpl.invoke(DelegatingMethodAccessorImpl.java:43)
	at java.base/java.lang.reflect.Method.invoke(Method.java:568)
	at io.cucumber.java.Invoker.doInvoke(Invoker.java:66)
	at io.cucumber.java.Invoker.invoke(Invoker.java:24)
	at io.cucumber.java.AbstractGlueDefinition.invokeMethod(AbstractGlueDefinition.java:47)
	at io.cucumber.java.JavaHookDefinition.execute(JavaHookDefinition.java:64)
	at io.cucumber.core.runner.CoreHookDefinition.execute(CoreHookDefinition.java:46)
	at io.cucumber.core.runner.HookDefinitionMatch.runStep(HookDefinitionMatch.java:21)
	at io.cucumber.core.runner.ExecutionMode$1.execute(ExecutionMode.java:10)
	at io.cucumber.core.runner.TestStep.executeStep(TestStep.java:85)
	at io.cucumber.core.runner.TestStep.run(TestStep.java:57)
	at io.cucumber.core.runner.TestCase.run(TestCase.java:78)
	at io.cucumber.core.runner.Runner.runPickle(Runner.java:75)
	at io.cucumber.testng.TestNGCucumberRunner.lambda$runScenario$1(TestNGCucumberRunner.java:132)
	at io.cucumber.core.runtime.CucumberExecutionContext.lambda$runTestCase$5(CucumberExecutionContext.java:129)
	at io.cucumber.core.runtime.RethrowingThrowableCollector.executeAndThrow(RethrowingThrowableCollector.java:23)
	at io.cucumber.core.runtime.CucumberExecutionContext.runTestCase(CucumberExecutionContext.java:129)
	at io.cucumber.testng.TestNGCucumberRunner.runScenario(TestNGCucumberRunner.java:129)
	at io.cucumber.testng.AbstractTestNGCucumberTests.runScenario(AbstractTestNGCucumberTests.java:35)
	at java.base/jdk.internal.reflect.NativeMethodAccessorImpl.invoke0(Native Method)
	at java.base/jdk.internal.reflect.NativeMethodAccessorImpl.invoke(NativeMethodAccessorImpl.java:77)
	at java.base/jdk.internal.reflect.DelegatingMethodAccessorImpl.invoke(DelegatingMethodAccessorImpl.java:43)
	at java.base/java.lang.reflect.Method.invoke(Method.java:568)
	at org.testng.internal.MethodInvocationHelper.invokeMethod(MethodInvocationHelper.java:133)
	at org.testng.internal.TestInvoker.invokeMethod(TestInvoker.java:598)
	at org.testng.internal.TestInvoker.invokeTestMethod(TestInvoker.java:173)
	at org.testng.internal.MethodRunner.runInSequence(MethodRunner.java:46)
	at org.testng.internal.TestInvoker$MethodInvocationAgent.invoke(TestInvoker.java:824)
	at org.testng.internal.TestInvoker.invokeTestMethods(TestInvoker.java:146)
	at org.testng.internal.TestMethodWorker.invokeTestMethods(TestMethodWorker.java:146)
	at org.testng.internal.TestMethodWorker.run(TestMethodWorker.java:128)
	at java.base/java.util.ArrayList.forEach(ArrayList.java:1511)
	at org.testng.TestRunner.privateRun(TestRunner.java:794)
	at org.testng.TestRunner.run(TestRunner.java:596)
	at org.testng.SuiteRunner.runTest(SuiteRunner.java:377)
	at org.testng.SuiteRunner.runSequentially(SuiteRunner.java:371)
	at org.testng.SuiteRunner.privateRun(SuiteRunner.java:332)
	at org.testng.SuiteRunner.run(SuiteRunner.java:276)
	at org.testng.SuiteRunnerWorker.runSuite(SuiteRunnerWorker.java:53)
	at org.testng.SuiteRunnerWorker.run(SuiteRunnerWorker.java:96)
	at org.testng.TestNG.runSuitesSequentially(TestNG.java:1212)
	at org.testng.TestNG.runSuitesLocally(TestNG.java:1134)
	at org.testng.TestNG.runSuites(TestNG.java:1063)
	at org.testng.TestNG.run(TestNG.java:1031)
	at org.testng.remote.AbstractRemoteTestNG.run(AbstractRemoteTestNG.java:115)
	at org.testng.remote.RemoteTestNG.initAndRun(RemoteTestNG.java:251)
	at org.testng.remote.RemoteTestNG.main(RemoteTestNG.java:77)
</textarea>
      
      </div>
              </div>
              <div class="step fail-bg" title="BEFORE">
                <span>stepDefinitions.Hooks1.setup()</span>
      <div>
        <textarea disabled class="code-block">org.openqa.selenium.remote.NoSuchDriverException: Unable to obtain: Capabilities {browserName: chrome, goog:chromeOptions: {args: [--remote-allow-origins=*], extensions: []}}
	at org.openqa.selenium.remote.service.DriverFinder.getPath(DriverFinder.java:29)
	at org.openqa.selenium.chrome.ChromeDriver.generateExecutor(ChromeDriver.java:98)
	at org.openqa.selenium.chrome.ChromeDriver.<init>(ChromeDriver.java:87)
	at org.openqa.selenium.chrome.ChromeDriver.<init>(ChromeDriver.java:82)
	at org.openqa.selenium.chrome.ChromeDriver.<init>(ChromeDriver.java:50)
	at base.TestBase1.launchDriver(TestBase1.java:28)
	at stepDefinitions.Hooks1.setup(Hooks1.java:18)
Caused by: org.openqa.selenium.WebDriverException: Unsuccessful command executed: [C:\Users\shubh\AppData\Local\Temp\selenium-manager75145787882693008495441656172178835\selenium-manager.exe, --browser, chrome, --output, json]
The chromedriver version cannot be discovered
Build info: version: '4.10.0', revision: 'c14d967899'
System info: os.name: 'Windows 11', os.arch: 'amd64', os.version: '10.0', java.version: '17.0.4.1'
Driver info: driver.version: ChromeDriver
	at org.openqa.selenium.manager.SeleniumManager.runCommand(SeleniumManager.java:130)
	at org.openqa.selenium.manager.SeleniumManager.getDriverPath(SeleniumManager.java:251)
	at org.openqa.selenium.remote.service.DriverFinder.getPath(DriverFinder.java:27)
	at org.openqa.selenium.chrome.ChromeDriver.generateExecutor(ChromeDriver.java:98)
	at org.openqa.selenium.chrome.ChromeDriver.<init>(ChromeDriver.java:87)
	at org.openqa.selenium.chrome.ChromeDriver.<init>(ChromeDriver.java:82)
	at org.openqa.selenium.chrome.ChromeDriver.<init>(ChromeDriver.java:50)
	at base.TestBase1.launchDriver(TestBase1.java:28)
	at stepDefinitions.Hooks1.setup(Hooks1.java:18)
	at java.base/jdk.internal.reflect.NativeMethodAccessorImpl.invoke0(Native Method)
	at java.base/jdk.internal.reflect.NativeMethodAccessorImpl.invoke(NativeMethodAccessorImpl.java:77)
	at java.base/jdk.internal.reflect.DelegatingMethodAccessorImpl.invoke(DelegatingMethodAccessorImpl.java:43)
	at java.base/java.lang.reflect.Method.invoke(Method.java:568)
	at io.cucumber.java.Invoker.doInvoke(Invoker.java:66)
	at io.cucumber.java.Invoker.invoke(Invoker.java:24)
	at io.cucumber.java.AbstractGlueDefinition.invokeMethod(AbstractGlueDefinition.java:47)
	at io.cucumber.java.JavaHookDefinition.execute(JavaHookDefinition.java:64)
	at io.cucumber.core.runner.CoreHookDefinition.execute(CoreHookDefinition.java:46)
	at io.cucumber.core.runner.HookDefinitionMatch.runStep(HookDefinitionMatch.java:21)
	at io.cucumber.core.runner.ExecutionMode$1.execute(ExecutionMode.java:10)
	at io.cucumber.core.runner.TestStep.executeStep(TestStep.java:85)
	at io.cucumber.core.runner.TestStep.run(TestStep.java:57)
	at io.cucumber.core.runner.TestCase.run(TestCase.java:78)
	at io.cucumber.core.runner.Runner.runPickle(Runner.java:75)
	at io.cucumber.testng.TestNGCucumberRunner.lambda$runScenario$1(TestNGCucumberRunner.java:132)
	at io.cucumber.core.runtime.CucumberExecutionContext.lambda$runTestCase$5(CucumberExecutionContext.java:129)
	at io.cucumber.core.runtime.RethrowingThrowableCollector.executeAndThrow(RethrowingThrowableCollector.java:23)
	at io.cucumber.core.runtime.CucumberExecutionContext.runTestCase(CucumberExecutionContext.java:129)
	at io.cucumber.testng.TestNGCucumberRunner.runScenario(TestNGCucumberRunner.java:129)
	at io.cucumber.testng.AbstractTestNGCucumberTests.runScenario(AbstractTestNGCucumberTests.java:35)
	at java.base/jdk.internal.reflect.NativeMethodAccessorImpl.invoke0(Native Method)
	at java.base/jdk.internal.reflect.NativeMethodAccessorImpl.invoke(NativeMethodAccessorImpl.java:77)
	at java.base/jdk.internal.reflect.DelegatingMethodAccessorImpl.invoke(DelegatingMethodAccessorImpl.java:43)
	at java.base/java.lang.reflect.Method.invoke(Method.java:568)
	at org.testng.internal.MethodInvocationHelper.invokeMethod(MethodInvocationHelper.java:133)
	at org.testng.internal.TestInvoker.invokeMethod(TestInvoker.java:598)
	at org.testng.internal.TestInvoker.invokeTestMethod(TestInvoker.java:173)
	at org.testng.internal.MethodRunner.runInSequence(MethodRunner.java:46)
	at org.testng.internal.TestInvoker$MethodInvocationAgent.invoke(TestInvoker.java:824)
	at org.testng.internal.TestInvoker.invokeTestMethods(TestInvoker.java:146)
	at org.testng.internal.TestMethodWorker.invokeTestMethods(TestMethodWorker.java:146)
	at org.testng.internal.TestMethodWorker.run(TestMethodWorker.java:128)
	at java.base/java.util.ArrayList.forEach(ArrayList.java:1511)
	at org.testng.TestRunner.privateRun(TestRunner.java:794)
	at org.testng.TestRunner.run(TestRunner.java:596)
	at org.testng.SuiteRunner.runTest(SuiteRunner.java:377)
	at org.testng.SuiteRunner.runSequentially(SuiteRunner.java:371)
	at org.testng.SuiteRunner.privateRun(SuiteRunner.java:332)
	at org.testng.SuiteRunner.run(SuiteRunner.java:276)
	at org.testng.SuiteRunnerWorker.runSuite(SuiteRunnerWorker.java:53)
	at org.testng.SuiteRunnerWorker.run(SuiteRunnerWorker.java:96)
	at org.testng.TestNG.runSuitesSequentially(TestNG.java:1212)
	at org.testng.TestNG.runSuitesLocally(TestNG.java:1134)
	at org.testng.TestNG.runSuites(TestNG.java:1063)
	at org.testng.TestNG.run(TestNG.java:1031)
	at org.testng.remote.AbstractRemoteTestNG.run(AbstractRemoteTestNG.java:115)
	at org.testng.remote.RemoteTestNG.initAndRun(RemoteTestNG.java:251)
	at org.testng.remote.RemoteTestNG.main(RemoteTestNG.java:77)
</textarea>
      
      </div>
              </div>
              <div class="step skip-bg" title="stepDefinitions.LoginStepDefinition.navigate_to_URL()">
                <span>Given Navigate to URL</span>
      <div>Step skipped
      </div>
              </div>
              <div class="step skip-bg" title="stepDefinitions.LoginStepDefinition.enter_username_and_password_and_click_on_login_button()">
                <span>When Enter username and password and click on login button</span>
      <div>Step skipped
      </div>
              </div>
              <div class="step skip-bg" title="stepDefinitions.HomePageStepdef.click_on_paid_course()">
                <span>When click on paid course</span>
      <div>Step skipped
      </div>
              </div>
              <div class="step fail-bg" title="AFTER">
                <span>stepDefinitions.Hooks1.teardown(io.cucumber.java.Scenario)</span>
      <div>
        <textarea disabled class="code-block">java.lang.NullPointerException: Cannot invoke "org.openqa.selenium.TakesScreenshot.getScreenshotAs(org.openqa.selenium.OutputType)" because "ts" is null
	at stepDefinitions.Hooks1.teardown(Hooks1.java:26)
</textarea>
      
      </div>
              </div>
              <div class="step fail-bg" title="AFTER">
                <span>stepDefinitions.Hooks.teardown(io.cucumber.java.Scenario)</span>
      <div>
        <textarea disabled class="code-block">java.lang.NullPointerException: Cannot invoke "org.openqa.selenium.TakesScreenshot.getScreenshotAs(org.openqa.selenium.OutputType)" because "ts" is null
	at stepDefinitions.Hooks.teardown(Hooks.java:27)
</textarea>
      
      </div>
              </div>
          </div>
        </div>
  </div>
</div>
          </div>
        </li>
        <li class="test-item"  status="fail" test-id="10"
          author=""
          tag=""
          device="">
          <div class="test-detail">
            <p class="name">Login</p>
            <p class="text-sm">
              <span>6:58:15 pm</span> / <span>00:00:17:770</span>
              <span class="badge fail-bg log float-right">Fail</span>
            </p>
          </div>
          <div class="test-contents d-none">
<div class="detail-head">
<div class="p-v-10">
<div class="info">
<h5 class="test-status text-fail">Login</h5>
<span class='badge badge-success'>11.06.2023 6:58:15 pm</span>
<span class='badge badge-danger'>11.06.2023 6:58:33 pm</span>
<span class='badge badge-default'>00:00:17:770</span>
&middot; <span class='uri-anchor badge badge-default'>#test-id=10</span>
<span class='badge badge-default pointer float-right ml-1 et'><i class="fa fa-chevron-down"></i></span>
<span class='badge badge-default pointer float-right ct'><i class="fa fa-chevron-up"></i></span>
</div>
<div class="m-t-10 m-l-5"></div>
</div>
</div>
<div class="accordion mt-4">
  <div class="card">
    <div class="card-header" role="tab">
      <div class="card-title">
        <div class="node" id="11"><span class="badge log fail-bg mr-2">Fail</span>Login with correct credentials</div>
      </div>
    </div>
        <div class="">
          <div class="card-body">
              <div class="step fail-bg" title="BEFORE">
                <span>stepDefinitions.Hooks.setup()</span>
      <div>
        <textarea disabled class="code-block">org.openqa.selenium.remote.NoSuchDriverException: Unable to obtain: Capabilities {browserName: chrome, goog:chromeOptions: {args: [--remote-allow-origins=*], extensions: []}}
	at org.openqa.selenium.remote.service.DriverFinder.getPath(DriverFinder.java:29)
	at org.openqa.selenium.chrome.ChromeDriver.generateExecutor(ChromeDriver.java:98)
	at org.openqa.selenium.chrome.ChromeDriver.<init>(ChromeDriver.java:87)
	at org.openqa.selenium.chrome.ChromeDriver.<init>(ChromeDriver.java:82)
	at org.openqa.selenium.chrome.ChromeDriver.<init>(ChromeDriver.java:50)
	at base.TestBase.launchDriver(TestBase.java:32)
	at stepDefinitions.Hooks.setup(Hooks.java:20)
Caused by: org.openqa.selenium.WebDriverException: Unsuccessful command executed: [C:\Users\shubh\AppData\Local\Temp\selenium-manager75145787882693008495441656172178835\selenium-manager.exe, --browser, chrome, --output, json]
The chromedriver version cannot be discovered
Build info: version: '4.10.0', revision: 'c14d967899'
System info: os.name: 'Windows 11', os.arch: 'amd64', os.version: '10.0', java.version: '17.0.4.1'
Driver info: driver.version: ChromeDriver
	at org.openqa.selenium.manager.SeleniumManager.runCommand(SeleniumManager.java:130)
	at org.openqa.selenium.manager.SeleniumManager.getDriverPath(SeleniumManager.java:251)
	at org.openqa.selenium.remote.service.DriverFinder.getPath(DriverFinder.java:27)
	at org.openqa.selenium.chrome.ChromeDriver.generateExecutor(ChromeDriver.java:98)
	at org.openqa.selenium.chrome.ChromeDriver.<init>(ChromeDriver.java:87)
	at org.openqa.selenium.chrome.ChromeDriver.<init>(ChromeDriver.java:82)
	at org.openqa.selenium.chrome.ChromeDriver.<init>(ChromeDriver.java:50)
	at base.TestBase.launchDriver(TestBase.java:32)
	at stepDefinitions.Hooks.setup(Hooks.java:20)
	at java.base/jdk.internal.reflect.NativeMethodAccessorImpl.invoke0(Native Method)
	at java.base/jdk.internal.reflect.NativeMethodAccessorImpl.invoke(NativeMethodAccessorImpl.java:77)
	at java.base/jdk.internal.reflect.DelegatingMethodAccessorImpl.invoke(DelegatingMethodAccessorImpl.java:43)
	at java.base/java.lang.reflect.Method.invoke(Method.java:568)
	at io.cucumber.java.Invoker.doInvoke(Invoker.java:66)
	at io.cucumber.java.Invoker.invoke(Invoker.java:24)
	at io.cucumber.java.AbstractGlueDefinition.invokeMethod(AbstractGlueDefinition.java:47)
	at io.cucumber.java.JavaHookDefinition.execute(JavaHookDefinition.java:64)
	at io.cucumber.core.runner.CoreHookDefinition.execute(CoreHookDefinition.java:46)
	at io.cucumber.core.runner.HookDefinitionMatch.runStep(HookDefinitionMatch.java:21)
	at io.cucumber.core.runner.ExecutionMode$1.execute(ExecutionMode.java:10)
	at io.cucumber.core.runner.TestStep.executeStep(TestStep.java:85)
	at io.cucumber.core.runner.TestStep.run(TestStep.java:57)
	at io.cucumber.core.runner.TestCase.run(TestCase.java:78)
	at io.cucumber.core.runner.Runner.runPickle(Runner.java:75)
	at io.cucumber.testng.TestNGCucumberRunner.lambda$runScenario$1(TestNGCucumberRunner.java:132)
	at io.cucumber.core.runtime.CucumberExecutionContext.lambda$runTestCase$5(CucumberExecutionContext.java:129)
	at io.cucumber.core.runtime.RethrowingThrowableCollector.executeAndThrow(RethrowingThrowableCollector.java:23)
	at io.cucumber.core.runtime.CucumberExecutionContext.runTestCase(CucumberExecutionContext.java:129)
	at io.cucumber.testng.TestNGCucumberRunner.runScenario(TestNGCucumberRunner.java:129)
	at io.cucumber.testng.AbstractTestNGCucumberTests.runScenario(AbstractTestNGCucumberTests.java:35)
	at java.base/jdk.internal.reflect.NativeMethodAccessorImpl.invoke0(Native Method)
	at java.base/jdk.internal.reflect.NativeMethodAccessorImpl.invoke(NativeMethodAccessorImpl.java:77)
	at java.base/jdk.internal.reflect.DelegatingMethodAccessorImpl.invoke(DelegatingMethodAccessorImpl.java:43)
	at java.base/java.lang.reflect.Method.invoke(Method.java:568)
	at org.testng.internal.MethodInvocationHelper.invokeMethod(MethodInvocationHelper.java:133)
	at org.testng.internal.TestInvoker.invokeMethod(TestInvoker.java:598)
	at org.testng.internal.TestInvoker.invokeTestMethod(TestInvoker.java:173)
	at org.testng.internal.MethodRunner.runInSequence(MethodRunner.java:46)
	at org.testng.internal.TestInvoker$MethodInvocationAgent.invoke(TestInvoker.java:824)
	at org.testng.internal.TestInvoker.invokeTestMethods(TestInvoker.java:146)
	at org.testng.internal.TestMethodWorker.invokeTestMethods(TestMethodWorker.java:146)
	at org.testng.internal.TestMethodWorker.run(TestMethodWorker.java:128)
	at java.base/java.util.ArrayList.forEach(ArrayList.java:1511)
	at org.testng.TestRunner.privateRun(TestRunner.java:794)
	at org.testng.TestRunner.run(TestRunner.java:596)
	at org.testng.SuiteRunner.runTest(SuiteRunner.java:377)
	at org.testng.SuiteRunner.runSequentially(SuiteRunner.java:371)
	at org.testng.SuiteRunner.privateRun(SuiteRunner.java:332)
	at org.testng.SuiteRunner.run(SuiteRunner.java:276)
	at org.testng.SuiteRunnerWorker.runSuite(SuiteRunnerWorker.java:53)
	at org.testng.SuiteRunnerWorker.run(SuiteRunnerWorker.java:96)
	at org.testng.TestNG.runSuitesSequentially(TestNG.java:1212)
	at org.testng.TestNG.runSuitesLocally(TestNG.java:1134)
	at org.testng.TestNG.runSuites(TestNG.java:1063)
	at org.testng.TestNG.run(TestNG.java:1031)
	at org.testng.remote.AbstractRemoteTestNG.run(AbstractRemoteTestNG.java:115)
	at org.testng.remote.RemoteTestNG.initAndRun(RemoteTestNG.java:251)
	at org.testng.remote.RemoteTestNG.main(RemoteTestNG.java:77)
</textarea>
      
      </div>
              </div>
              <div class="step fail-bg" title="BEFORE">
                <span>stepDefinitions.Hooks1.setup()</span>
      <div>
        <textarea disabled class="code-block">org.openqa.selenium.remote.NoSuchDriverException: Unable to obtain: Capabilities {browserName: chrome, goog:chromeOptions: {args: [--remote-allow-origins=*], extensions: []}}
	at org.openqa.selenium.remote.service.DriverFinder.getPath(DriverFinder.java:29)
	at org.openqa.selenium.chrome.ChromeDriver.generateExecutor(ChromeDriver.java:98)
	at org.openqa.selenium.chrome.ChromeDriver.<init>(ChromeDriver.java:87)
	at org.openqa.selenium.chrome.ChromeDriver.<init>(ChromeDriver.java:82)
	at org.openqa.selenium.chrome.ChromeDriver.<init>(ChromeDriver.java:50)
	at base.TestBase1.launchDriver(TestBase1.java:28)
	at stepDefinitions.Hooks1.setup(Hooks1.java:18)
Caused by: org.openqa.selenium.WebDriverException: Unsuccessful command executed: [C:\Users\shubh\AppData\Local\Temp\selenium-manager75145787882693008495441656172178835\selenium-manager.exe, --browser, chrome, --output, json]
The chromedriver version cannot be discovered
Build info: version: '4.10.0', revision: 'c14d967899'
System info: os.name: 'Windows 11', os.arch: 'amd64', os.version: '10.0', java.version: '17.0.4.1'
Driver info: driver.version: ChromeDriver
	at org.openqa.selenium.manager.SeleniumManager.runCommand(SeleniumManager.java:130)
	at org.openqa.selenium.manager.SeleniumManager.getDriverPath(SeleniumManager.java:251)
	at org.openqa.selenium.remote.service.DriverFinder.getPath(DriverFinder.java:27)
	at org.openqa.selenium.chrome.ChromeDriver.generateExecutor(ChromeDriver.java:98)
	at org.openqa.selenium.chrome.ChromeDriver.<init>(ChromeDriver.java:87)
	at org.openqa.selenium.chrome.ChromeDriver.<init>(ChromeDriver.java:82)
	at org.openqa.selenium.chrome.ChromeDriver.<init>(ChromeDriver.java:50)
	at base.TestBase1.launchDriver(TestBase1.java:28)
	at stepDefinitions.Hooks1.setup(Hooks1.java:18)
	at java.base/jdk.internal.reflect.NativeMethodAccessorImpl.invoke0(Native Method)
	at java.base/jdk.internal.reflect.NativeMethodAccessorImpl.invoke(NativeMethodAccessorImpl.java:77)
	at java.base/jdk.internal.reflect.DelegatingMethodAccessorImpl.invoke(DelegatingMethodAccessorImpl.java:43)
	at java.base/java.lang.reflect.Method.invoke(Method.java:568)
	at io.cucumber.java.Invoker.doInvoke(Invoker.java:66)
	at io.cucumber.java.Invoker.invoke(Invoker.java:24)
	at io.cucumber.java.AbstractGlueDefinition.invokeMethod(AbstractGlueDefinition.java:47)
	at io.cucumber.java.JavaHookDefinition.execute(JavaHookDefinition.java:64)
	at io.cucumber.core.runner.CoreHookDefinition.execute(CoreHookDefinition.java:46)
	at io.cucumber.core.runner.HookDefinitionMatch.runStep(HookDefinitionMatch.java:21)
	at io.cucumber.core.runner.ExecutionMode$1.execute(ExecutionMode.java:10)
	at io.cucumber.core.runner.TestStep.executeStep(TestStep.java:85)
	at io.cucumber.core.runner.TestStep.run(TestStep.java:57)
	at io.cucumber.core.runner.TestCase.run(TestCase.java:78)
	at io.cucumber.core.runner.Runner.runPickle(Runner.java:75)
	at io.cucumber.testng.TestNGCucumberRunner.lambda$runScenario$1(TestNGCucumberRunner.java:132)
	at io.cucumber.core.runtime.CucumberExecutionContext.lambda$runTestCase$5(CucumberExecutionContext.java:129)
	at io.cucumber.core.runtime.RethrowingThrowableCollector.executeAndThrow(RethrowingThrowableCollector.java:23)
	at io.cucumber.core.runtime.CucumberExecutionContext.runTestCase(CucumberExecutionContext.java:129)
	at io.cucumber.testng.TestNGCucumberRunner.runScenario(TestNGCucumberRunner.java:129)
	at io.cucumber.testng.AbstractTestNGCucumberTests.runScenario(AbstractTestNGCucumberTests.java:35)
	at java.base/jdk.internal.reflect.NativeMethodAccessorImpl.invoke0(Native Method)
	at java.base/jdk.internal.reflect.NativeMethodAccessorImpl.invoke(NativeMethodAccessorImpl.java:77)
	at java.base/jdk.internal.reflect.DelegatingMethodAccessorImpl.invoke(DelegatingMethodAccessorImpl.java:43)
	at java.base/java.lang.reflect.Method.invoke(Method.java:568)
	at org.testng.internal.MethodInvocationHelper.invokeMethod(MethodInvocationHelper.java:133)
	at org.testng.internal.TestInvoker.invokeMethod(TestInvoker.java:598)
	at org.testng.internal.TestInvoker.invokeTestMethod(TestInvoker.java:173)
	at org.testng.internal.MethodRunner.runInSequence(MethodRunner.java:46)
	at org.testng.internal.TestInvoker$MethodInvocationAgent.invoke(TestInvoker.java:824)
	at org.testng.internal.TestInvoker.invokeTestMethods(TestInvoker.java:146)
	at org.testng.internal.TestMethodWorker.invokeTestMethods(TestMethodWorker.java:146)
	at org.testng.internal.TestMethodWorker.run(TestMethodWorker.java:128)
	at java.base/java.util.ArrayList.forEach(ArrayList.java:1511)
	at org.testng.TestRunner.privateRun(TestRunner.java:794)
	at org.testng.TestRunner.run(TestRunner.java:596)
	at org.testng.SuiteRunner.runTest(SuiteRunner.java:377)
	at org.testng.SuiteRunner.runSequentially(SuiteRunner.java:371)
	at org.testng.SuiteRunner.privateRun(SuiteRunner.java:332)
	at org.testng.SuiteRunner.run(SuiteRunner.java:276)
	at org.testng.SuiteRunnerWorker.runSuite(SuiteRunnerWorker.java:53)
	at org.testng.SuiteRunnerWorker.run(SuiteRunnerWorker.java:96)
	at org.testng.TestNG.runSuitesSequentially(TestNG.java:1212)
	at org.testng.TestNG.runSuitesLocally(TestNG.java:1134)
	at org.testng.TestNG.runSuites(TestNG.java:1063)
	at org.testng.TestNG.run(TestNG.java:1031)
	at org.testng.remote.AbstractRemoteTestNG.run(AbstractRemoteTestNG.java:115)
	at org.testng.remote.RemoteTestNG.initAndRun(RemoteTestNG.java:251)
	at org.testng.remote.RemoteTestNG.main(RemoteTestNG.java:77)
</textarea>
      
      </div>
              </div>
              <div class="step skip-bg" title="stepDefinitions.LoginStepDefinition.navigate_to_URL()">
                <span>Given Navigate to URL</span>
      <div>Step skipped
      </div>
              </div>
              <div class="step skip-bg" title="stepDefinitions.LoginStepDefinition.enter_username_and_password_and_click_on_login_button()">
                <span>When Enter username and password and click on login button</span>
      <div>Step skipped
      </div>
              </div>
              <div class="step skip-bg" title="stepDefinitions.LoginStepDefinition.user_should_land_on_homepage()">
                <span>Then User should land on homepage</span>
      <div>Step skipped
      </div>
              </div>
              <div class="step fail-bg" title="AFTER">
                <span>stepDefinitions.Hooks1.teardown(io.cucumber.java.Scenario)</span>
      <div>
        <textarea disabled class="code-block">java.lang.NullPointerException: Cannot invoke "org.openqa.selenium.TakesScreenshot.getScreenshotAs(org.openqa.selenium.OutputType)" because "ts" is null
	at stepDefinitions.Hooks1.teardown(Hooks1.java:26)
</textarea>
      
      </div>
              </div>
              <div class="step fail-bg" title="AFTER">
                <span>stepDefinitions.Hooks.teardown(io.cucumber.java.Scenario)</span>
      <div>
        <textarea disabled class="code-block">java.lang.NullPointerException: Cannot invoke "org.openqa.selenium.TakesScreenshot.getScreenshotAs(org.openqa.selenium.OutputType)" because "ts" is null
	at stepDefinitions.Hooks.teardown(Hooks.java:27)
</textarea>
      
      </div>
              </div>
          </div>
        </div>
  </div>
  <div class="card">
    <div class="card-header" role="tab">
      <div class="card-title">
        <div class="node" id="19"><span class="badge log fail-bg mr-2">Fail</span>Login with wrong credentials</div>
      </div>
    </div>
        <div class="">
          <div class="card-body">
              <div class="step fail-bg" title="BEFORE">
                <span>stepDefinitions.Hooks.setup()</span>
      <div>
        <textarea disabled class="code-block">org.openqa.selenium.remote.NoSuchDriverException: Unable to obtain: Capabilities {browserName: chrome, goog:chromeOptions: {args: [--remote-allow-origins=*], extensions: []}}
	at org.openqa.selenium.remote.service.DriverFinder.getPath(DriverFinder.java:29)
	at org.openqa.selenium.chrome.ChromeDriver.generateExecutor(ChromeDriver.java:98)
	at org.openqa.selenium.chrome.ChromeDriver.<init>(ChromeDriver.java:87)
	at org.openqa.selenium.chrome.ChromeDriver.<init>(ChromeDriver.java:82)
	at org.openqa.selenium.chrome.ChromeDriver.<init>(ChromeDriver.java:50)
	at base.TestBase.launchDriver(TestBase.java:32)
	at stepDefinitions.Hooks.setup(Hooks.java:20)
Caused by: org.openqa.selenium.WebDriverException: Unsuccessful command executed: [C:\Users\shubh\AppData\Local\Temp\selenium-manager75145787882693008495441656172178835\selenium-manager.exe, --browser, chrome, --output, json]
The chromedriver version cannot be discovered
Build info: version: '4.10.0', revision: 'c14d967899'
System info: os.name: 'Windows 11', os.arch: 'amd64', os.version: '10.0', java.version: '17.0.4.1'
Driver info: driver.version: ChromeDriver
	at org.openqa.selenium.manager.SeleniumManager.runCommand(SeleniumManager.java:130)
	at org.openqa.selenium.manager.SeleniumManager.getDriverPath(SeleniumManager.java:251)
	at org.openqa.selenium.remote.service.DriverFinder.getPath(DriverFinder.java:27)
	at org.openqa.selenium.chrome.ChromeDriver.generateExecutor(ChromeDriver.java:98)
	at org.openqa.selenium.chrome.ChromeDriver.<init>(ChromeDriver.java:87)
	at org.openqa.selenium.chrome.ChromeDriver.<init>(ChromeDriver.java:82)
	at org.openqa.selenium.chrome.ChromeDriver.<init>(ChromeDriver.java:50)
	at base.TestBase.launchDriver(TestBase.java:32)
	at stepDefinitions.Hooks.setup(Hooks.java:20)
	at java.base/jdk.internal.reflect.NativeMethodAccessorImpl.invoke0(Native Method)
	at java.base/jdk.internal.reflect.NativeMethodAccessorImpl.invoke(NativeMethodAccessorImpl.java:77)
	at java.base/jdk.internal.reflect.DelegatingMethodAccessorImpl.invoke(DelegatingMethodAccessorImpl.java:43)
	at java.base/java.lang.reflect.Method.invoke(Method.java:568)
	at io.cucumber.java.Invoker.doInvoke(Invoker.java:66)
	at io.cucumber.java.Invoker.invoke(Invoker.java:24)
	at io.cucumber.java.AbstractGlueDefinition.invokeMethod(AbstractGlueDefinition.java:47)
	at io.cucumber.java.JavaHookDefinition.execute(JavaHookDefinition.java:64)
	at io.cucumber.core.runner.CoreHookDefinition.execute(CoreHookDefinition.java:46)
	at io.cucumber.core.runner.HookDefinitionMatch.runStep(HookDefinitionMatch.java:21)
	at io.cucumber.core.runner.ExecutionMode$1.execute(ExecutionMode.java:10)
	at io.cucumber.core.runner.TestStep.executeStep(TestStep.java:85)
	at io.cucumber.core.runner.TestStep.run(TestStep.java:57)
	at io.cucumber.core.runner.TestCase.run(TestCase.java:78)
	at io.cucumber.core.runner.Runner.runPickle(Runner.java:75)
	at io.cucumber.testng.TestNGCucumberRunner.lambda$runScenario$1(TestNGCucumberRunner.java:132)
	at io.cucumber.core.runtime.CucumberExecutionContext.lambda$runTestCase$5(CucumberExecutionContext.java:129)
	at io.cucumber.core.runtime.RethrowingThrowableCollector.executeAndThrow(RethrowingThrowableCollector.java:23)
	at io.cucumber.core.runtime.CucumberExecutionContext.runTestCase(CucumberExecutionContext.java:129)
	at io.cucumber.testng.TestNGCucumberRunner.runScenario(TestNGCucumberRunner.java:129)
	at io.cucumber.testng.AbstractTestNGCucumberTests.runScenario(AbstractTestNGCucumberTests.java:35)
	at java.base/jdk.internal.reflect.NativeMethodAccessorImpl.invoke0(Native Method)
	at java.base/jdk.internal.reflect.NativeMethodAccessorImpl.invoke(NativeMethodAccessorImpl.java:77)
	at java.base/jdk.internal.reflect.DelegatingMethodAccessorImpl.invoke(DelegatingMethodAccessorImpl.java:43)
	at java.base/java.lang.reflect.Method.invoke(Method.java:568)
	at org.testng.internal.MethodInvocationHelper.invokeMethod(MethodInvocationHelper.java:133)
	at org.testng.internal.TestInvoker.invokeMethod(TestInvoker.java:598)
	at org.testng.internal.TestInvoker.invokeTestMethod(TestInvoker.java:173)
	at org.testng.internal.MethodRunner.runInSequence(MethodRunner.java:46)
	at org.testng.internal.TestInvoker$MethodInvocationAgent.invoke(TestInvoker.java:824)
	at org.testng.internal.TestInvoker.invokeTestMethods(TestInvoker.java:146)
	at org.testng.internal.TestMethodWorker.invokeTestMethods(TestMethodWorker.java:146)
	at org.testng.internal.TestMethodWorker.run(TestMethodWorker.java:128)
	at java.base/java.util.ArrayList.forEach(ArrayList.java:1511)
	at org.testng.TestRunner.privateRun(TestRunner.java:794)
	at org.testng.TestRunner.run(TestRunner.java:596)
	at org.testng.SuiteRunner.runTest(SuiteRunner.java:377)
	at org.testng.SuiteRunner.runSequentially(SuiteRunner.java:371)
	at org.testng.SuiteRunner.privateRun(SuiteRunner.java:332)
	at org.testng.SuiteRunner.run(SuiteRunner.java:276)
	at org.testng.SuiteRunnerWorker.runSuite(SuiteRunnerWorker.java:53)
	at org.testng.SuiteRunnerWorker.run(SuiteRunnerWorker.java:96)
	at org.testng.TestNG.runSuitesSequentially(TestNG.java:1212)
	at org.testng.TestNG.runSuitesLocally(TestNG.java:1134)
	at org.testng.TestNG.runSuites(TestNG.java:1063)
	at org.testng.TestNG.run(TestNG.java:1031)
	at org.testng.remote.AbstractRemoteTestNG.run(AbstractRemoteTestNG.java:115)
	at org.testng.remote.RemoteTestNG.initAndRun(RemoteTestNG.java:251)
	at org.testng.remote.RemoteTestNG.main(RemoteTestNG.java:77)
</textarea>
      
      </div>
              </div>
              <div class="step fail-bg" title="BEFORE">
                <span>stepDefinitions.Hooks1.setup()</span>
      <div>
        <textarea disabled class="code-block">org.openqa.selenium.remote.NoSuchDriverException: Unable to obtain: Capabilities {browserName: chrome, goog:chromeOptions: {args: [--remote-allow-origins=*], extensions: []}}
	at org.openqa.selenium.remote.service.DriverFinder.getPath(DriverFinder.java:29)
	at org.openqa.selenium.chrome.ChromeDriver.generateExecutor(ChromeDriver.java:98)
	at org.openqa.selenium.chrome.ChromeDriver.<init>(ChromeDriver.java:87)
	at org.openqa.selenium.chrome.ChromeDriver.<init>(ChromeDriver.java:82)
	at org.openqa.selenium.chrome.ChromeDriver.<init>(ChromeDriver.java:50)
	at base.TestBase1.launchDriver(TestBase1.java:28)
	at stepDefinitions.Hooks1.setup(Hooks1.java:18)
Caused by: org.openqa.selenium.WebDriverException: Unsuccessful command executed: [C:\Users\shubh\AppData\Local\Temp\selenium-manager75145787882693008495441656172178835\selenium-manager.exe, --browser, chrome, --output, json]
The chromedriver version cannot be discovered
Build info: version: '4.10.0', revision: 'c14d967899'
System info: os.name: 'Windows 11', os.arch: 'amd64', os.version: '10.0', java.version: '17.0.4.1'
Driver info: driver.version: ChromeDriver
	at org.openqa.selenium.manager.SeleniumManager.runCommand(SeleniumManager.java:130)
	at org.openqa.selenium.manager.SeleniumManager.getDriverPath(SeleniumManager.java:251)
	at org.openqa.selenium.remote.service.DriverFinder.getPath(DriverFinder.java:27)
	at org.openqa.selenium.chrome.ChromeDriver.generateExecutor(ChromeDriver.java:98)
	at org.openqa.selenium.chrome.ChromeDriver.<init>(ChromeDriver.java:87)
	at org.openqa.selenium.chrome.ChromeDriver.<init>(ChromeDriver.java:82)
	at org.openqa.selenium.chrome.ChromeDriver.<init>(ChromeDriver.java:50)
	at base.TestBase1.launchDriver(TestBase1.java:28)
	at stepDefinitions.Hooks1.setup(Hooks1.java:18)
	at java.base/jdk.internal.reflect.NativeMethodAccessorImpl.invoke0(Native Method)
	at java.base/jdk.internal.reflect.NativeMethodAccessorImpl.invoke(NativeMethodAccessorImpl.java:77)
	at java.base/jdk.internal.reflect.DelegatingMethodAccessorImpl.invoke(DelegatingMethodAccessorImpl.java:43)
	at java.base/java.lang.reflect.Method.invoke(Method.java:568)
	at io.cucumber.java.Invoker.doInvoke(Invoker.java:66)
	at io.cucumber.java.Invoker.invoke(Invoker.java:24)
	at io.cucumber.java.AbstractGlueDefinition.invokeMethod(AbstractGlueDefinition.java:47)
	at io.cucumber.java.JavaHookDefinition.execute(JavaHookDefinition.java:64)
	at io.cucumber.core.runner.CoreHookDefinition.execute(CoreHookDefinition.java:46)
	at io.cucumber.core.runner.HookDefinitionMatch.runStep(HookDefinitionMatch.java:21)
	at io.cucumber.core.runner.ExecutionMode$1.execute(ExecutionMode.java:10)
	at io.cucumber.core.runner.TestStep.executeStep(TestStep.java:85)
	at io.cucumber.core.runner.TestStep.run(TestStep.java:57)
	at io.cucumber.core.runner.TestCase.run(TestCase.java:78)
	at io.cucumber.core.runner.Runner.runPickle(Runner.java:75)
	at io.cucumber.testng.TestNGCucumberRunner.lambda$runScenario$1(TestNGCucumberRunner.java:132)
	at io.cucumber.core.runtime.CucumberExecutionContext.lambda$runTestCase$5(CucumberExecutionContext.java:129)
	at io.cucumber.core.runtime.RethrowingThrowableCollector.executeAndThrow(RethrowingThrowableCollector.java:23)
	at io.cucumber.core.runtime.CucumberExecutionContext.runTestCase(CucumberExecutionContext.java:129)
	at io.cucumber.testng.TestNGCucumberRunner.runScenario(TestNGCucumberRunner.java:129)
	at io.cucumber.testng.AbstractTestNGCucumberTests.runScenario(AbstractTestNGCucumberTests.java:35)
	at java.base/jdk.internal.reflect.NativeMethodAccessorImpl.invoke0(Native Method)
	at java.base/jdk.internal.reflect.NativeMethodAccessorImpl.invoke(NativeMethodAccessorImpl.java:77)
	at java.base/jdk.internal.reflect.DelegatingMethodAccessorImpl.invoke(DelegatingMethodAccessorImpl.java:43)
	at java.base/java.lang.reflect.Method.invoke(Method.java:568)
	at org.testng.internal.MethodInvocationHelper.invokeMethod(MethodInvocationHelper.java:133)
	at org.testng.internal.TestInvoker.invokeMethod(TestInvoker.java:598)
	at org.testng.internal.TestInvoker.invokeTestMethod(TestInvoker.java:173)
	at org.testng.internal.MethodRunner.runInSequence(MethodRunner.java:46)
	at org.testng.internal.TestInvoker$MethodInvocationAgent.invoke(TestInvoker.java:824)
	at org.testng.internal.TestInvoker.invokeTestMethods(TestInvoker.java:146)
	at org.testng.internal.TestMethodWorker.invokeTestMethods(TestMethodWorker.java:146)
	at org.testng.internal.TestMethodWorker.run(TestMethodWorker.java:128)
	at java.base/java.util.ArrayList.forEach(ArrayList.java:1511)
	at org.testng.TestRunner.privateRun(TestRunner.java:794)
	at org.testng.TestRunner.run(TestRunner.java:596)
	at org.testng.SuiteRunner.runTest(SuiteRunner.java:377)
	at org.testng.SuiteRunner.runSequentially(SuiteRunner.java:371)
	at org.testng.SuiteRunner.privateRun(SuiteRunner.java:332)
	at org.testng.SuiteRunner.run(SuiteRunner.java:276)
	at org.testng.SuiteRunnerWorker.runSuite(SuiteRunnerWorker.java:53)
	at org.testng.SuiteRunnerWorker.run(SuiteRunnerWorker.java:96)
	at org.testng.TestNG.runSuitesSequentially(TestNG.java:1212)
	at org.testng.TestNG.runSuitesLocally(TestNG.java:1134)
	at org.testng.TestNG.runSuites(TestNG.java:1063)
	at org.testng.TestNG.run(TestNG.java:1031)
	at org.testng.remote.AbstractRemoteTestNG.run(AbstractRemoteTestNG.java:115)
	at org.testng.remote.RemoteTestNG.initAndRun(RemoteTestNG.java:251)
	at org.testng.remote.RemoteTestNG.main(RemoteTestNG.java:77)
</textarea>
      
      </div>
              </div>
              <div class="step skip-bg" title="stepDefinitions.LoginStepDefinition.navigate_to_URL()">
                <span>Given Navigate to URL</span>
      <div>Step skipped
      </div>
              </div>
              <div class="step skip-bg" title="stepDefinitions.LoginStepDefinition.enter_incorrect_username_and_password_and_click_on_login_button()">
                <span>When Enter incorrect username and password and click on login button</span>
      <div>Step skipped
      </div>
              </div>
              <div class="step skip-bg" title="stepDefinitions.LoginStepDefinition.user_should_land_on_homepage_and_verify_Url()">
                <span>Then User should land on homepage and verify Url</span>
      <div>Step skipped
      </div>
              </div>
              <div class="step fail-bg" title="AFTER">
                <span>stepDefinitions.Hooks1.teardown(io.cucumber.java.Scenario)</span>
      <div>
        <textarea disabled class="code-block">java.lang.NullPointerException: Cannot invoke "org.openqa.selenium.TakesScreenshot.getScreenshotAs(org.openqa.selenium.OutputType)" because "ts" is null
	at stepDefinitions.Hooks1.teardown(Hooks1.java:26)
</textarea>
      
      </div>
              </div>
              <div class="step fail-bg" title="AFTER">
                <span>stepDefinitions.Hooks.teardown(io.cucumber.java.Scenario)</span>
      <div>
        <textarea disabled class="code-block">java.lang.NullPointerException: Cannot invoke "org.openqa.selenium.TakesScreenshot.getScreenshotAs(org.openqa.selenium.OutputType)" because "ts" is null
	at stepDefinitions.Hooks.teardown(Hooks.java:27)
</textarea>
      
      </div>
              </div>
          </div>
        </div>
  </div>
</div>
          </div>
        </li>
        <li class="test-item"  status="fail" test-id="27"
          author=""
          tag=""
          device="">
          <div class="test-detail">
            <p class="name">Login</p>
            <p class="text-sm">
              <span>6:58:33 pm</span> / <span>00:00:06:345</span>
              <span class="badge fail-bg log float-right">Fail</span>
            </p>
          </div>
          <div class="test-contents d-none">
<div class="detail-head">
<div class="p-v-10">
<div class="info">
<h5 class="test-status text-fail">Login</h5>
<span class='badge badge-success'>11.06.2023 6:58:33 pm</span>
<span class='badge badge-danger'>11.06.2023 6:58:39 pm</span>
<span class='badge badge-default'>00:00:06:345</span>
&middot; <span class='uri-anchor badge badge-default'>#test-id=27</span>
<span class='badge badge-default pointer float-right ml-1 et'><i class="fa fa-chevron-down"></i></span>
<span class='badge badge-default pointer float-right ct'><i class="fa fa-chevron-up"></i></span>
</div>
<div class="m-t-10 m-l-5"></div>
</div>
</div>
<div class="accordion mt-4">
  <div class="card">
    <div class="card-header" role="tab">
      <div class="card-title">
        <div class="node" id="28"><span class="badge log fail-bg mr-2">Fail</span>Login with correct credentials</div>
      </div>
    </div>
        <div class="">
          <div class="card-body">
              <div class="step fail-bg" title="BEFORE">
                <span>stepDefinitions.Hooks.setup()</span>
      <div>
        <textarea disabled class="code-block">org.openqa.selenium.remote.NoSuchDriverException: Unable to obtain: Capabilities {browserName: chrome, goog:chromeOptions: {args: [--remote-allow-origins=*], extensions: []}}
	at org.openqa.selenium.remote.service.DriverFinder.getPath(DriverFinder.java:29)
	at org.openqa.selenium.chrome.ChromeDriver.generateExecutor(ChromeDriver.java:98)
	at org.openqa.selenium.chrome.ChromeDriver.<init>(ChromeDriver.java:87)
	at org.openqa.selenium.chrome.ChromeDriver.<init>(ChromeDriver.java:82)
	at org.openqa.selenium.chrome.ChromeDriver.<init>(ChromeDriver.java:50)
	at base.TestBase.launchDriver(TestBase.java:32)
	at stepDefinitions.Hooks.setup(Hooks.java:20)
Caused by: org.openqa.selenium.WebDriverException: Unsuccessful command executed: [C:\Users\shubh\AppData\Local\Temp\selenium-manager75145787882693008495441656172178835\selenium-manager.exe, --browser, chrome, --output, json]
The chromedriver version cannot be discovered
Build info: version: '4.10.0', revision: 'c14d967899'
System info: os.name: 'Windows 11', os.arch: 'amd64', os.version: '10.0', java.version: '17.0.4.1'
Driver info: driver.version: ChromeDriver
	at org.openqa.selenium.manager.SeleniumManager.runCommand(SeleniumManager.java:130)
	at org.openqa.selenium.manager.SeleniumManager.getDriverPath(SeleniumManager.java:251)
	at org.openqa.selenium.remote.service.DriverFinder.getPath(DriverFinder.java:27)
	at org.openqa.selenium.chrome.ChromeDriver.generateExecutor(ChromeDriver.java:98)
	at org.openqa.selenium.chrome.ChromeDriver.<init>(ChromeDriver.java:87)
	at org.openqa.selenium.chrome.ChromeDriver.<init>(ChromeDriver.java:82)
	at org.openqa.selenium.chrome.ChromeDriver.<init>(ChromeDriver.java:50)
	at base.TestBase.launchDriver(TestBase.java:32)
	at stepDefinitions.Hooks.setup(Hooks.java:20)
	at java.base/jdk.internal.reflect.NativeMethodAccessorImpl.invoke0(Native Method)
	at java.base/jdk.internal.reflect.NativeMethodAccessorImpl.invoke(NativeMethodAccessorImpl.java:77)
	at java.base/jdk.internal.reflect.DelegatingMethodAccessorImpl.invoke(DelegatingMethodAccessorImpl.java:43)
	at java.base/java.lang.reflect.Method.invoke(Method.java:568)
	at io.cucumber.java.Invoker.doInvoke(Invoker.java:66)
	at io.cucumber.java.Invoker.invoke(Invoker.java:24)
	at io.cucumber.java.AbstractGlueDefinition.invokeMethod(AbstractGlueDefinition.java:47)
	at io.cucumber.java.JavaHookDefinition.execute(JavaHookDefinition.java:64)
	at io.cucumber.core.runner.CoreHookDefinition.execute(CoreHookDefinition.java:46)
	at io.cucumber.core.runner.HookDefinitionMatch.runStep(HookDefinitionMatch.java:21)
	at io.cucumber.core.runner.ExecutionMode$1.execute(ExecutionMode.java:10)
	at io.cucumber.core.runner.TestStep.executeStep(TestStep.java:85)
	at io.cucumber.core.runner.TestStep.run(TestStep.java:57)
	at io.cucumber.core.runner.TestCase.run(TestCase.java:78)
	at io.cucumber.core.runner.Runner.runPickle(Runner.java:75)
	at io.cucumber.testng.TestNGCucumberRunner.lambda$runScenario$1(TestNGCucumberRunner.java:132)
	at io.cucumber.core.runtime.CucumberExecutionContext.lambda$runTestCase$5(CucumberExecutionContext.java:129)
	at io.cucumber.core.runtime.RethrowingThrowableCollector.executeAndThrow(RethrowingThrowableCollector.java:23)
	at io.cucumber.core.runtime.CucumberExecutionContext.runTestCase(CucumberExecutionContext.java:129)
	at io.cucumber.testng.TestNGCucumberRunner.runScenario(TestNGCucumberRunner.java:129)
	at io.cucumber.testng.AbstractTestNGCucumberTests.runScenario(AbstractTestNGCucumberTests.java:35)
	at java.base/jdk.internal.reflect.NativeMethodAccessorImpl.invoke0(Native Method)
	at java.base/jdk.internal.reflect.NativeMethodAccessorImpl.invoke(NativeMethodAccessorImpl.java:77)
	at java.base/jdk.internal.reflect.DelegatingMethodAccessorImpl.invoke(DelegatingMethodAccessorImpl.java:43)
	at java.base/java.lang.reflect.Method.invoke(Method.java:568)
	at org.testng.internal.MethodInvocationHelper.invokeMethod(MethodInvocationHelper.java:133)
	at org.testng.internal.TestInvoker.invokeMethod(TestInvoker.java:598)
	at org.testng.internal.TestInvoker.invokeTestMethod(TestInvoker.java:173)
	at org.testng.internal.MethodRunner.runInSequence(MethodRunner.java:46)
	at org.testng.internal.TestInvoker$MethodInvocationAgent.invoke(TestInvoker.java:824)
	at org.testng.internal.TestInvoker.invokeTestMethods(TestInvoker.java:146)
	at org.testng.internal.TestMethodWorker.invokeTestMethods(TestMethodWorker.java:146)
	at org.testng.internal.TestMethodWorker.run(TestMethodWorker.java:128)
	at java.base/java.util.ArrayList.forEach(ArrayList.java:1511)
	at org.testng.TestRunner.privateRun(TestRunner.java:794)
	at org.testng.TestRunner.run(TestRunner.java:596)
	at org.testng.SuiteRunner.runTest(SuiteRunner.java:377)
	at org.testng.SuiteRunner.runSequentially(SuiteRunner.java:371)
	at org.testng.SuiteRunner.privateRun(SuiteRunner.java:332)
	at org.testng.SuiteRunner.run(SuiteRunner.java:276)
	at org.testng.SuiteRunnerWorker.runSuite(SuiteRunnerWorker.java:53)
	at org.testng.SuiteRunnerWorker.run(SuiteRunnerWorker.java:96)
	at org.testng.TestNG.runSuitesSequentially(TestNG.java:1212)
	at org.testng.TestNG.runSuitesLocally(TestNG.java:1134)
	at org.testng.TestNG.runSuites(TestNG.java:1063)
	at org.testng.TestNG.run(TestNG.java:1031)
	at org.testng.remote.AbstractRemoteTestNG.run(AbstractRemoteTestNG.java:115)
	at org.testng.remote.RemoteTestNG.initAndRun(RemoteTestNG.java:251)
	at org.testng.remote.RemoteTestNG.main(RemoteTestNG.java:77)
</textarea>
      
      </div>
              </div>
              <div class="step fail-bg" title="BEFORE">
                <span>stepDefinitions.Hooks1.setup()</span>
      <div>
        <textarea disabled class="code-block">org.openqa.selenium.remote.NoSuchDriverException: Unable to obtain: Capabilities {browserName: chrome, goog:chromeOptions: {args: [--remote-allow-origins=*], extensions: []}}
	at org.openqa.selenium.remote.service.DriverFinder.getPath(DriverFinder.java:29)
	at org.openqa.selenium.chrome.ChromeDriver.generateExecutor(ChromeDriver.java:98)
	at org.openqa.selenium.chrome.ChromeDriver.<init>(ChromeDriver.java:87)
	at org.openqa.selenium.chrome.ChromeDriver.<init>(ChromeDriver.java:82)
	at org.openqa.selenium.chrome.ChromeDriver.<init>(ChromeDriver.java:50)
	at base.TestBase1.launchDriver(TestBase1.java:28)
	at stepDefinitions.Hooks1.setup(Hooks1.java:18)
Caused by: org.openqa.selenium.WebDriverException: Unsuccessful command executed: [C:\Users\shubh\AppData\Local\Temp\selenium-manager75145787882693008495441656172178835\selenium-manager.exe, --browser, chrome, --output, json]
The chromedriver version cannot be discovered
Build info: version: '4.10.0', revision: 'c14d967899'
System info: os.name: 'Windows 11', os.arch: 'amd64', os.version: '10.0', java.version: '17.0.4.1'
Driver info: driver.version: ChromeDriver
	at org.openqa.selenium.manager.SeleniumManager.runCommand(SeleniumManager.java:130)
	at org.openqa.selenium.manager.SeleniumManager.getDriverPath(SeleniumManager.java:251)
	at org.openqa.selenium.remote.service.DriverFinder.getPath(DriverFinder.java:27)
	at org.openqa.selenium.chrome.ChromeDriver.generateExecutor(ChromeDriver.java:98)
	at org.openqa.selenium.chrome.ChromeDriver.<init>(ChromeDriver.java:87)
	at org.openqa.selenium.chrome.ChromeDriver.<init>(ChromeDriver.java:82)
	at org.openqa.selenium.chrome.ChromeDriver.<init>(ChromeDriver.java:50)
	at base.TestBase1.launchDriver(TestBase1.java:28)
	at stepDefinitions.Hooks1.setup(Hooks1.java:18)
	at java.base/jdk.internal.reflect.NativeMethodAccessorImpl.invoke0(Native Method)
	at java.base/jdk.internal.reflect.NativeMethodAccessorImpl.invoke(NativeMethodAccessorImpl.java:77)
	at java.base/jdk.internal.reflect.DelegatingMethodAccessorImpl.invoke(DelegatingMethodAccessorImpl.java:43)
	at java.base/java.lang.reflect.Method.invoke(Method.java:568)
	at io.cucumber.java.Invoker.doInvoke(Invoker.java:66)
	at io.cucumber.java.Invoker.invoke(Invoker.java:24)
	at io.cucumber.java.AbstractGlueDefinition.invokeMethod(AbstractGlueDefinition.java:47)
	at io.cucumber.java.JavaHookDefinition.execute(JavaHookDefinition.java:64)
	at io.cucumber.core.runner.CoreHookDefinition.execute(CoreHookDefinition.java:46)
	at io.cucumber.core.runner.HookDefinitionMatch.runStep(HookDefinitionMatch.java:21)
	at io.cucumber.core.runner.ExecutionMode$1.execute(ExecutionMode.java:10)
	at io.cucumber.core.runner.TestStep.executeStep(TestStep.java:85)
	at io.cucumber.core.runner.TestStep.run(TestStep.java:57)
	at io.cucumber.core.runner.TestCase.run(TestCase.java:78)
	at io.cucumber.core.runner.Runner.runPickle(Runner.java:75)
	at io.cucumber.testng.TestNGCucumberRunner.lambda$runScenario$1(TestNGCucumberRunner.java:132)
	at io.cucumber.core.runtime.CucumberExecutionContext.lambda$runTestCase$5(CucumberExecutionContext.java:129)
	at io.cucumber.core.runtime.RethrowingThrowableCollector.executeAndThrow(RethrowingThrowableCollector.java:23)
	at io.cucumber.core.runtime.CucumberExecutionContext.runTestCase(CucumberExecutionContext.java:129)
	at io.cucumber.testng.TestNGCucumberRunner.runScenario(TestNGCucumberRunner.java:129)
	at io.cucumber.testng.AbstractTestNGCucumberTests.runScenario(AbstractTestNGCucumberTests.java:35)
	at java.base/jdk.internal.reflect.NativeMethodAccessorImpl.invoke0(Native Method)
	at java.base/jdk.internal.reflect.NativeMethodAccessorImpl.invoke(NativeMethodAccessorImpl.java:77)
	at java.base/jdk.internal.reflect.DelegatingMethodAccessorImpl.invoke(DelegatingMethodAccessorImpl.java:43)
	at java.base/java.lang.reflect.Method.invoke(Method.java:568)
	at org.testng.internal.MethodInvocationHelper.invokeMethod(MethodInvocationHelper.java:133)
	at org.testng.internal.TestInvoker.invokeMethod(TestInvoker.java:598)
	at org.testng.internal.TestInvoker.invokeTestMethod(TestInvoker.java:173)
	at org.testng.internal.MethodRunner.runInSequence(MethodRunner.java:46)
	at org.testng.internal.TestInvoker$MethodInvocationAgent.invoke(TestInvoker.java:824)
	at org.testng.internal.TestInvoker.invokeTestMethods(TestInvoker.java:146)
	at org.testng.internal.TestMethodWorker.invokeTestMethods(TestMethodWorker.java:146)
	at org.testng.internal.TestMethodWorker.run(TestMethodWorker.java:128)
	at java.base/java.util.ArrayList.forEach(ArrayList.java:1511)
	at org.testng.TestRunner.privateRun(TestRunner.java:794)
	at org.testng.TestRunner.run(TestRunner.java:596)
	at org.testng.SuiteRunner.runTest(SuiteRunner.java:377)
	at org.testng.SuiteRunner.runSequentially(SuiteRunner.java:371)
	at org.testng.SuiteRunner.privateRun(SuiteRunner.java:332)
	at org.testng.SuiteRunner.run(SuiteRunner.java:276)
	at org.testng.SuiteRunnerWorker.runSuite(SuiteRunnerWorker.java:53)
	at org.testng.SuiteRunnerWorker.run(SuiteRunnerWorker.java:96)
	at org.testng.TestNG.runSuitesSequentially(TestNG.java:1212)
	at org.testng.TestNG.runSuitesLocally(TestNG.java:1134)
	at org.testng.TestNG.runSuites(TestNG.java:1063)
	at org.testng.TestNG.run(TestNG.java:1031)
	at org.testng.remote.AbstractRemoteTestNG.run(AbstractRemoteTestNG.java:115)
	at org.testng.remote.RemoteTestNG.initAndRun(RemoteTestNG.java:251)
	at org.testng.remote.RemoteTestNG.main(RemoteTestNG.java:77)
</textarea>
      
      </div>
              </div>
              <div class="step skip-bg" title="stepDefinitions.LogginStepDefinition1.navigate_to_the_URL()">
                <span>Given Navigate to the URL</span>
      <div>Step skipped
      </div>
              </div>
              <div class="step skip-bg" title="stepDefinitions.LogginStepDefinition1.enter_the_username_and_password_and_click_on_loginbutton()">
                <span>When Enter the username and password and click on loginbutton</span>
      <div>Step skipped
      </div>
              </div>
              <div class="step skip-bg" title="stepDefinitions.LogginStepDefinition1.user_should_land_on_the_homepage()">
                <span>Then User should land on the homepage</span>
      <div>Step skipped
      </div>
              </div>
              <div class="step fail-bg" title="AFTER">
                <span>stepDefinitions.Hooks1.teardown(io.cucumber.java.Scenario)</span>
      <div>
        <textarea disabled class="code-block">java.lang.NullPointerException: Cannot invoke "org.openqa.selenium.TakesScreenshot.getScreenshotAs(org.openqa.selenium.OutputType)" because "ts" is null
	at stepDefinitions.Hooks1.teardown(Hooks1.java:26)
</textarea>
      
      </div>
              </div>
              <div class="step fail-bg" title="AFTER">
                <span>stepDefinitions.Hooks.teardown(io.cucumber.java.Scenario)</span>
      <div>
        <textarea disabled class="code-block">java.lang.NullPointerException: Cannot invoke "org.openqa.selenium.TakesScreenshot.getScreenshotAs(org.openqa.selenium.OutputType)" because "ts" is null
	at stepDefinitions.Hooks.teardown(Hooks.java:27)
</textarea>
      
      </div>
              </div>
          </div>
        </div>
  </div>
</div>
          </div>
        </li>
        <li class="test-item"  status="fail" test-id="36"
          author=""
          tag=""
          device="">
          <div class="test-detail">
            <p class="name">Login with multiple username and password</p>
            <p class="text-sm">
              <span>6:58:39 pm</span> / <span>00:00:26:633</span>
              <span class="badge fail-bg log float-right">Fail</span>
            </p>
          </div>
          <div class="test-contents d-none">
<div class="detail-head">
<div class="p-v-10">
<div class="info">
<h5 class="test-status text-fail">Login with multiple username and password</h5>
<span class='badge badge-success'>11.06.2023 6:58:39 pm</span>
<span class='badge badge-danger'>11.06.2023 6:59:06 pm</span>
<span class='badge badge-default'>00:00:26:633</span>
&middot; <span class='uri-anchor badge badge-default'>#test-id=36</span>
<span class='badge badge-default pointer float-right ml-1 et'><i class="fa fa-chevron-down"></i></span>
<span class='badge badge-default pointer float-right ct'><i class="fa fa-chevron-up"></i></span>
</div>
<div class="m-t-10 m-l-5"></div>
</div>
</div>
<div class="accordion mt-4">
  <div class="card">
    <div class="card-header" role="tab">
      <div class="card-title">
        <div class="node" id="37"><span class="badge log fail-bg mr-2">Fail</span>Multiple login</div>
      </div>
    </div>
        <div class="scenario_outline ">
            <div class="card-body l1">
              <div class="card-header">
                <div class="card-title outline-child">
                  <div class="node" id="38"><span class="badge log fail-bg mr-2">Fail</span>Multiple login</div>
                </div>
              </div>
              <div class="card-body mt-3 ">
                  <div class="step fail-bg">
                    <span>stepDefinitions.Hooks.setup()</span>
      <div>
        <textarea disabled class="code-block">org.openqa.selenium.remote.NoSuchDriverException: Unable to obtain: Capabilities {browserName: chrome, goog:chromeOptions: {args: [--remote-allow-origins=*], extensions: []}}
	at org.openqa.selenium.remote.service.DriverFinder.getPath(DriverFinder.java:29)
	at org.openqa.selenium.chrome.ChromeDriver.generateExecutor(ChromeDriver.java:98)
	at org.openqa.selenium.chrome.ChromeDriver.<init>(ChromeDriver.java:87)
	at org.openqa.selenium.chrome.ChromeDriver.<init>(ChromeDriver.java:82)
	at org.openqa.selenium.chrome.ChromeDriver.<init>(ChromeDriver.java:50)
	at base.TestBase.launchDriver(TestBase.java:32)
	at stepDefinitions.Hooks.setup(Hooks.java:20)
Caused by: org.openqa.selenium.WebDriverException: Unsuccessful command executed: [C:\Users\shubh\AppData\Local\Temp\selenium-manager75145787882693008495441656172178835\selenium-manager.exe, --browser, chrome, --output, json]
The chromedriver version cannot be discovered
Build info: version: '4.10.0', revision: 'c14d967899'
System info: os.name: 'Windows 11', os.arch: 'amd64', os.version: '10.0', java.version: '17.0.4.1'
Driver info: driver.version: ChromeDriver
	at org.openqa.selenium.manager.SeleniumManager.runCommand(SeleniumManager.java:130)
	at org.openqa.selenium.manager.SeleniumManager.getDriverPath(SeleniumManager.java:251)
	at org.openqa.selenium.remote.service.DriverFinder.getPath(DriverFinder.java:27)
	at org.openqa.selenium.chrome.ChromeDriver.generateExecutor(ChromeDriver.java:98)
	at org.openqa.selenium.chrome.ChromeDriver.<init>(ChromeDriver.java:87)
	at org.openqa.selenium.chrome.ChromeDriver.<init>(ChromeDriver.java:82)
	at org.openqa.selenium.chrome.ChromeDriver.<init>(ChromeDriver.java:50)
	at base.TestBase.launchDriver(TestBase.java:32)
	at stepDefinitions.Hooks.setup(Hooks.java:20)
	at java.base/jdk.internal.reflect.NativeMethodAccessorImpl.invoke0(Native Method)
	at java.base/jdk.internal.reflect.NativeMethodAccessorImpl.invoke(NativeMethodAccessorImpl.java:77)
	at java.base/jdk.internal.reflect.DelegatingMethodAccessorImpl.invoke(DelegatingMethodAccessorImpl.java:43)
	at java.base/java.lang.reflect.Method.invoke(Method.java:568)
	at io.cucumber.java.Invoker.doInvoke(Invoker.java:66)
	at io.cucumber.java.Invoker.invoke(Invoker.java:24)
	at io.cucumber.java.AbstractGlueDefinition.invokeMethod(AbstractGlueDefinition.java:47)
	at io.cucumber.java.JavaHookDefinition.execute(JavaHookDefinition.java:64)
	at io.cucumber.core.runner.CoreHookDefinition.execute(CoreHookDefinition.java:46)
	at io.cucumber.core.runner.HookDefinitionMatch.runStep(HookDefinitionMatch.java:21)
	at io.cucumber.core.runner.ExecutionMode$1.execute(ExecutionMode.java:10)
	at io.cucumber.core.runner.TestStep.executeStep(TestStep.java:85)
	at io.cucumber.core.runner.TestStep.run(TestStep.java:57)
	at io.cucumber.core.runner.TestCase.run(TestCase.java:78)
	at io.cucumber.core.runner.Runner.runPickle(Runner.java:75)
	at io.cucumber.testng.TestNGCucumberRunner.lambda$runScenario$1(TestNGCucumberRunner.java:132)
	at io.cucumber.core.runtime.CucumberExecutionContext.lambda$runTestCase$5(CucumberExecutionContext.java:129)
	at io.cucumber.core.runtime.RethrowingThrowableCollector.executeAndThrow(RethrowingThrowableCollector.java:23)
	at io.cucumber.core.runtime.CucumberExecutionContext.runTestCase(CucumberExecutionContext.java:129)
	at io.cucumber.testng.TestNGCucumberRunner.runScenario(TestNGCucumberRunner.java:129)
	at io.cucumber.testng.AbstractTestNGCucumberTests.runScenario(AbstractTestNGCucumberTests.java:35)
	at java.base/jdk.internal.reflect.NativeMethodAccessorImpl.invoke0(Native Method)
	at java.base/jdk.internal.reflect.NativeMethodAccessorImpl.invoke(NativeMethodAccessorImpl.java:77)
	at java.base/jdk.internal.reflect.DelegatingMethodAccessorImpl.invoke(DelegatingMethodAccessorImpl.java:43)
	at java.base/java.lang.reflect.Method.invoke(Method.java:568)
	at org.testng.internal.MethodInvocationHelper.invokeMethod(MethodInvocationHelper.java:133)
	at org.testng.internal.TestInvoker.invokeMethod(TestInvoker.java:598)
	at org.testng.internal.TestInvoker.invokeTestMethod(TestInvoker.java:173)
	at org.testng.internal.MethodRunner.runInSequence(MethodRunner.java:46)
	at org.testng.internal.TestInvoker$MethodInvocationAgent.invoke(TestInvoker.java:824)
	at org.testng.internal.TestInvoker.invokeTestMethods(TestInvoker.java:146)
	at org.testng.internal.TestMethodWorker.invokeTestMethods(TestMethodWorker.java:146)
	at org.testng.internal.TestMethodWorker.run(TestMethodWorker.java:128)
	at java.base/java.util.ArrayList.forEach(ArrayList.java:1511)
	at org.testng.TestRunner.privateRun(TestRunner.java:794)
	at org.testng.TestRunner.run(TestRunner.java:596)
	at org.testng.SuiteRunner.runTest(SuiteRunner.java:377)
	at org.testng.SuiteRunner.runSequentially(SuiteRunner.java:371)
	at org.testng.SuiteRunner.privateRun(SuiteRunner.java:332)
	at org.testng.SuiteRunner.run(SuiteRunner.java:276)
	at org.testng.SuiteRunnerWorker.runSuite(SuiteRunnerWorker.java:53)
	at org.testng.SuiteRunnerWorker.run(SuiteRunnerWorker.java:96)
	at org.testng.TestNG.runSuitesSequentially(TestNG.java:1212)
	at org.testng.TestNG.runSuitesLocally(TestNG.java:1134)
	at org.testng.TestNG.runSuites(TestNG.java:1063)
	at org.testng.TestNG.run(TestNG.java:1031)
	at org.testng.remote.AbstractRemoteTestNG.run(AbstractRemoteTestNG.java:115)
	at org.testng.remote.RemoteTestNG.initAndRun(RemoteTestNG.java:251)
	at org.testng.remote.RemoteTestNG.main(RemoteTestNG.java:77)
</textarea>
      
      </div>
                  </div>
                  <div class="step fail-bg">
                    <span>stepDefinitions.Hooks1.setup()</span>
      <div>
        <textarea disabled class="code-block">org.openqa.selenium.remote.NoSuchDriverException: Unable to obtain: Capabilities {browserName: chrome, goog:chromeOptions: {args: [--remote-allow-origins=*], extensions: []}}
	at org.openqa.selenium.remote.service.DriverFinder.getPath(DriverFinder.java:29)
	at org.openqa.selenium.chrome.ChromeDriver.generateExecutor(ChromeDriver.java:98)
	at org.openqa.selenium.chrome.ChromeDriver.<init>(ChromeDriver.java:87)
	at org.openqa.selenium.chrome.ChromeDriver.<init>(ChromeDriver.java:82)
	at org.openqa.selenium.chrome.ChromeDriver.<init>(ChromeDriver.java:50)
	at base.TestBase1.launchDriver(TestBase1.java:28)
	at stepDefinitions.Hooks1.setup(Hooks1.java:18)
Caused by: org.openqa.selenium.WebDriverException: Unsuccessful command executed: [C:\Users\shubh\AppData\Local\Temp\selenium-manager75145787882693008495441656172178835\selenium-manager.exe, --browser, chrome, --output, json]
The chromedriver version cannot be discovered
Build info: version: '4.10.0', revision: 'c14d967899'
System info: os.name: 'Windows 11', os.arch: 'amd64', os.version: '10.0', java.version: '17.0.4.1'
Driver info: driver.version: ChromeDriver
	at org.openqa.selenium.manager.SeleniumManager.runCommand(SeleniumManager.java:130)
	at org.openqa.selenium.manager.SeleniumManager.getDriverPath(SeleniumManager.java:251)
	at org.openqa.selenium.remote.service.DriverFinder.getPath(DriverFinder.java:27)
	at org.openqa.selenium.chrome.ChromeDriver.generateExecutor(ChromeDriver.java:98)
	at org.openqa.selenium.chrome.ChromeDriver.<init>(ChromeDriver.java:87)
	at org.openqa.selenium.chrome.ChromeDriver.<init>(ChromeDriver.java:82)
	at org.openqa.selenium.chrome.ChromeDriver.<init>(ChromeDriver.java:50)
	at base.TestBase1.launchDriver(TestBase1.java:28)
	at stepDefinitions.Hooks1.setup(Hooks1.java:18)
	at java.base/jdk.internal.reflect.NativeMethodAccessorImpl.invoke0(Native Method)
	at java.base/jdk.internal.reflect.NativeMethodAccessorImpl.invoke(NativeMethodAccessorImpl.java:77)
	at java.base/jdk.internal.reflect.DelegatingMethodAccessorImpl.invoke(DelegatingMethodAccessorImpl.java:43)
	at java.base/java.lang.reflect.Method.invoke(Method.java:568)
	at io.cucumber.java.Invoker.doInvoke(Invoker.java:66)
	at io.cucumber.java.Invoker.invoke(Invoker.java:24)
	at io.cucumber.java.AbstractGlueDefinition.invokeMethod(AbstractGlueDefinition.java:47)
	at io.cucumber.java.JavaHookDefinition.execute(JavaHookDefinition.java:64)
	at io.cucumber.core.runner.CoreHookDefinition.execute(CoreHookDefinition.java:46)
	at io.cucumber.core.runner.HookDefinitionMatch.runStep(HookDefinitionMatch.java:21)
	at io.cucumber.core.runner.ExecutionMode$1.execute(ExecutionMode.java:10)
	at io.cucumber.core.runner.TestStep.executeStep(TestStep.java:85)
	at io.cucumber.core.runner.TestStep.run(TestStep.java:57)
	at io.cucumber.core.runner.TestCase.run(TestCase.java:78)
	at io.cucumber.core.runner.Runner.runPickle(Runner.java:75)
	at io.cucumber.testng.TestNGCucumberRunner.lambda$runScenario$1(TestNGCucumberRunner.java:132)
	at io.cucumber.core.runtime.CucumberExecutionContext.lambda$runTestCase$5(CucumberExecutionContext.java:129)
	at io.cucumber.core.runtime.RethrowingThrowableCollector.executeAndThrow(RethrowingThrowableCollector.java:23)
	at io.cucumber.core.runtime.CucumberExecutionContext.runTestCase(CucumberExecutionContext.java:129)
	at io.cucumber.testng.TestNGCucumberRunner.runScenario(TestNGCucumberRunner.java:129)
	at io.cucumber.testng.AbstractTestNGCucumberTests.runScenario(AbstractTestNGCucumberTests.java:35)
	at java.base/jdk.internal.reflect.NativeMethodAccessorImpl.invoke0(Native Method)
	at java.base/jdk.internal.reflect.NativeMethodAccessorImpl.invoke(NativeMethodAccessorImpl.java:77)
	at java.base/jdk.internal.reflect.DelegatingMethodAccessorImpl.invoke(DelegatingMethodAccessorImpl.java:43)
	at java.base/java.lang.reflect.Method.invoke(Method.java:568)
	at org.testng.internal.MethodInvocationHelper.invokeMethod(MethodInvocationHelper.java:133)
	at org.testng.internal.TestInvoker.invokeMethod(TestInvoker.java:598)
	at org.testng.internal.TestInvoker.invokeTestMethod(TestInvoker.java:173)
	at org.testng.internal.MethodRunner.runInSequence(MethodRunner.java:46)
	at org.testng.internal.TestInvoker$MethodInvocationAgent.invoke(TestInvoker.java:824)
	at org.testng.internal.TestInvoker.invokeTestMethods(TestInvoker.java:146)
	at org.testng.internal.TestMethodWorker.invokeTestMethods(TestMethodWorker.java:146)
	at org.testng.internal.TestMethodWorker.run(TestMethodWorker.java:128)
	at java.base/java.util.ArrayList.forEach(ArrayList.java:1511)
	at org.testng.TestRunner.privateRun(TestRunner.java:794)
	at org.testng.TestRunner.run(TestRunner.java:596)
	at org.testng.SuiteRunner.runTest(SuiteRunner.java:377)
	at org.testng.SuiteRunner.runSequentially(SuiteRunner.java:371)
	at org.testng.SuiteRunner.privateRun(SuiteRunner.java:332)
	at org.testng.SuiteRunner.run(SuiteRunner.java:276)
	at org.testng.SuiteRunnerWorker.runSuite(SuiteRunnerWorker.java:53)
	at org.testng.SuiteRunnerWorker.run(SuiteRunnerWorker.java:96)
	at org.testng.TestNG.runSuitesSequentially(TestNG.java:1212)
	at org.testng.TestNG.runSuitesLocally(TestNG.java:1134)
	at org.testng.TestNG.runSuites(TestNG.java:1063)
	at org.testng.TestNG.run(TestNG.java:1031)
	at org.testng.remote.AbstractRemoteTestNG.run(AbstractRemoteTestNG.java:115)
	at org.testng.remote.RemoteTestNG.initAndRun(RemoteTestNG.java:251)
	at org.testng.remote.RemoteTestNG.main(RemoteTestNG.java:77)
</textarea>
      
      </div>
                  </div>
                  <div class="step skip-bg">
                    <span>Given Navigate to URL</span>
      <div>Step skipped
      </div>
                  </div>
                  <div class="step skip-bg">
                    <span>When Enter usrename and password and click on login button</span>
      <div>Step skipped
      </div>
                  </div>
                  <div class="step skip-bg">
                    <span>Then User should land on homepage</span>
      <div>Step skipped
      </div>
                  </div>
                  <div class="step fail-bg">
                    <span>stepDefinitions.Hooks1.teardown(io.cucumber.java.Scenario)</span>
      <div>
        <textarea disabled class="code-block">java.lang.NullPointerException: Cannot invoke "org.openqa.selenium.TakesScreenshot.getScreenshotAs(org.openqa.selenium.OutputType)" because "ts" is null
	at stepDefinitions.Hooks1.teardown(Hooks1.java:26)
</textarea>
      
      </div>
                  </div>
                  <div class="step fail-bg">
                    <span>stepDefinitions.Hooks.teardown(io.cucumber.java.Scenario)</span>
      <div>
        <textarea disabled class="code-block">java.lang.NullPointerException: Cannot invoke "org.openqa.selenium.TakesScreenshot.getScreenshotAs(org.openqa.selenium.OutputType)" because "ts" is null
	at stepDefinitions.Hooks.teardown(Hooks.java:27)
</textarea>
      
      </div>
                  </div>
              </div>
            </div>
            <div class="card-body l1">
              <div class="card-header">
                <div class="card-title outline-child">
                  <div class="node" id="46"><span class="badge log fail-bg mr-2">Fail</span>Multiple login</div>
                </div>
              </div>
              <div class="card-body mt-3 ">
                  <div class="step fail-bg">
                    <span>stepDefinitions.Hooks.setup()</span>
      <div>
        <textarea disabled class="code-block">org.openqa.selenium.remote.NoSuchDriverException: Unable to obtain: Capabilities {browserName: chrome, goog:chromeOptions: {args: [--remote-allow-origins=*], extensions: []}}
	at org.openqa.selenium.remote.service.DriverFinder.getPath(DriverFinder.java:29)
	at org.openqa.selenium.chrome.ChromeDriver.generateExecutor(ChromeDriver.java:98)
	at org.openqa.selenium.chrome.ChromeDriver.<init>(ChromeDriver.java:87)
	at org.openqa.selenium.chrome.ChromeDriver.<init>(ChromeDriver.java:82)
	at org.openqa.selenium.chrome.ChromeDriver.<init>(ChromeDriver.java:50)
	at base.TestBase.launchDriver(TestBase.java:32)
	at stepDefinitions.Hooks.setup(Hooks.java:20)
Caused by: org.openqa.selenium.WebDriverException: Unsuccessful command executed: [C:\Users\shubh\AppData\Local\Temp\selenium-manager75145787882693008495441656172178835\selenium-manager.exe, --browser, chrome, --output, json]
The chromedriver version cannot be discovered
Build info: version: '4.10.0', revision: 'c14d967899'
System info: os.name: 'Windows 11', os.arch: 'amd64', os.version: '10.0', java.version: '17.0.4.1'
Driver info: driver.version: ChromeDriver
	at org.openqa.selenium.manager.SeleniumManager.runCommand(SeleniumManager.java:130)
	at org.openqa.selenium.manager.SeleniumManager.getDriverPath(SeleniumManager.java:251)
	at org.openqa.selenium.remote.service.DriverFinder.getPath(DriverFinder.java:27)
	at org.openqa.selenium.chrome.ChromeDriver.generateExecutor(ChromeDriver.java:98)
	at org.openqa.selenium.chrome.ChromeDriver.<init>(ChromeDriver.java:87)
	at org.openqa.selenium.chrome.ChromeDriver.<init>(ChromeDriver.java:82)
	at org.openqa.selenium.chrome.ChromeDriver.<init>(ChromeDriver.java:50)
	at base.TestBase.launchDriver(TestBase.java:32)
	at stepDefinitions.Hooks.setup(Hooks.java:20)
	at java.base/jdk.internal.reflect.NativeMethodAccessorImpl.invoke0(Native Method)
	at java.base/jdk.internal.reflect.NativeMethodAccessorImpl.invoke(NativeMethodAccessorImpl.java:77)
	at java.base/jdk.internal.reflect.DelegatingMethodAccessorImpl.invoke(DelegatingMethodAccessorImpl.java:43)
	at java.base/java.lang.reflect.Method.invoke(Method.java:568)
	at io.cucumber.java.Invoker.doInvoke(Invoker.java:66)
	at io.cucumber.java.Invoker.invoke(Invoker.java:24)
	at io.cucumber.java.AbstractGlueDefinition.invokeMethod(AbstractGlueDefinition.java:47)
	at io.cucumber.java.JavaHookDefinition.execute(JavaHookDefinition.java:64)
	at io.cucumber.core.runner.CoreHookDefinition.execute(CoreHookDefinition.java:46)
	at io.cucumber.core.runner.HookDefinitionMatch.runStep(HookDefinitionMatch.java:21)
	at io.cucumber.core.runner.ExecutionMode$1.execute(ExecutionMode.java:10)
	at io.cucumber.core.runner.TestStep.executeStep(TestStep.java:85)
	at io.cucumber.core.runner.TestStep.run(TestStep.java:57)
	at io.cucumber.core.runner.TestCase.run(TestCase.java:78)
	at io.cucumber.core.runner.Runner.runPickle(Runner.java:75)
	at io.cucumber.testng.TestNGCucumberRunner.lambda$runScenario$1(TestNGCucumberRunner.java:132)
	at io.cucumber.core.runtime.CucumberExecutionContext.lambda$runTestCase$5(CucumberExecutionContext.java:129)
	at io.cucumber.core.runtime.RethrowingThrowableCollector.executeAndThrow(RethrowingThrowableCollector.java:23)
	at io.cucumber.core.runtime.CucumberExecutionContext.runTestCase(CucumberExecutionContext.java:129)
	at io.cucumber.testng.TestNGCucumberRunner.runScenario(TestNGCucumberRunner.java:129)
	at io.cucumber.testng.AbstractTestNGCucumberTests.runScenario(AbstractTestNGCucumberTests.java:35)
	at java.base/jdk.internal.reflect.NativeMethodAccessorImpl.invoke0(Native Method)
	at java.base/jdk.internal.reflect.NativeMethodAccessorImpl.invoke(NativeMethodAccessorImpl.java:77)
	at java.base/jdk.internal.reflect.DelegatingMethodAccessorImpl.invoke(DelegatingMethodAccessorImpl.java:43)
	at java.base/java.lang.reflect.Method.invoke(Method.java:568)
	at org.testng.internal.MethodInvocationHelper.invokeMethod(MethodInvocationHelper.java:133)
	at org.testng.internal.TestInvoker.invokeMethod(TestInvoker.java:598)
	at org.testng.internal.TestInvoker.invokeTestMethod(TestInvoker.java:173)
	at org.testng.internal.MethodRunner.runInSequence(MethodRunner.java:46)
	at org.testng.internal.TestInvoker$MethodInvocationAgent.invoke(TestInvoker.java:824)
	at org.testng.internal.TestInvoker.invokeTestMethods(TestInvoker.java:146)
	at org.testng.internal.TestMethodWorker.invokeTestMethods(TestMethodWorker.java:146)
	at org.testng.internal.TestMethodWorker.run(TestMethodWorker.java:128)
	at java.base/java.util.ArrayList.forEach(ArrayList.java:1511)
	at org.testng.TestRunner.privateRun(TestRunner.java:794)
	at org.testng.TestRunner.run(TestRunner.java:596)
	at org.testng.SuiteRunner.runTest(SuiteRunner.java:377)
	at org.testng.SuiteRunner.runSequentially(SuiteRunner.java:371)
	at org.testng.SuiteRunner.privateRun(SuiteRunner.java:332)
	at org.testng.SuiteRunner.run(SuiteRunner.java:276)
	at org.testng.SuiteRunnerWorker.runSuite(SuiteRunnerWorker.java:53)
	at org.testng.SuiteRunnerWorker.run(SuiteRunnerWorker.java:96)
	at org.testng.TestNG.runSuitesSequentially(TestNG.java:1212)
	at org.testng.TestNG.runSuitesLocally(TestNG.java:1134)
	at org.testng.TestNG.runSuites(TestNG.java:1063)
	at org.testng.TestNG.run(TestNG.java:1031)
	at org.testng.remote.AbstractRemoteTestNG.run(AbstractRemoteTestNG.java:115)
	at org.testng.remote.RemoteTestNG.initAndRun(RemoteTestNG.java:251)
	at org.testng.remote.RemoteTestNG.main(RemoteTestNG.java:77)
</textarea>
      
      </div>
                  </div>
                  <div class="step fail-bg">
                    <span>stepDefinitions.Hooks1.setup()</span>
      <div>
        <textarea disabled class="code-block">org.openqa.selenium.remote.NoSuchDriverException: Unable to obtain: Capabilities {browserName: chrome, goog:chromeOptions: {args: [--remote-allow-origins=*], extensions: []}}
	at org.openqa.selenium.remote.service.DriverFinder.getPath(DriverFinder.java:29)
	at org.openqa.selenium.chrome.ChromeDriver.generateExecutor(ChromeDriver.java:98)
	at org.openqa.selenium.chrome.ChromeDriver.<init>(ChromeDriver.java:87)
	at org.openqa.selenium.chrome.ChromeDriver.<init>(ChromeDriver.java:82)
	at org.openqa.selenium.chrome.ChromeDriver.<init>(ChromeDriver.java:50)
	at base.TestBase1.launchDriver(TestBase1.java:28)
	at stepDefinitions.Hooks1.setup(Hooks1.java:18)
Caused by: org.openqa.selenium.WebDriverException: Unsuccessful command executed: [C:\Users\shubh\AppData\Local\Temp\selenium-manager75145787882693008495441656172178835\selenium-manager.exe, --browser, chrome, --output, json]
The chromedriver version cannot be discovered
Build info: version: '4.10.0', revision: 'c14d967899'
System info: os.name: 'Windows 11', os.arch: 'amd64', os.version: '10.0', java.version: '17.0.4.1'
Driver info: driver.version: ChromeDriver
	at org.openqa.selenium.manager.SeleniumManager.runCommand(SeleniumManager.java:130)
	at org.openqa.selenium.manager.SeleniumManager.getDriverPath(SeleniumManager.java:251)
	at org.openqa.selenium.remote.service.DriverFinder.getPath(DriverFinder.java:27)
	at org.openqa.selenium.chrome.ChromeDriver.generateExecutor(ChromeDriver.java:98)
	at org.openqa.selenium.chrome.ChromeDriver.<init>(ChromeDriver.java:87)
	at org.openqa.selenium.chrome.ChromeDriver.<init>(ChromeDriver.java:82)
	at org.openqa.selenium.chrome.ChromeDriver.<init>(ChromeDriver.java:50)
	at base.TestBase1.launchDriver(TestBase1.java:28)
	at stepDefinitions.Hooks1.setup(Hooks1.java:18)
	at java.base/jdk.internal.reflect.NativeMethodAccessorImpl.invoke0(Native Method)
	at java.base/jdk.internal.reflect.NativeMethodAccessorImpl.invoke(NativeMethodAccessorImpl.java:77)
	at java.base/jdk.internal.reflect.DelegatingMethodAccessorImpl.invoke(DelegatingMethodAccessorImpl.java:43)
	at java.base/java.lang.reflect.Method.invoke(Method.java:568)
	at io.cucumber.java.Invoker.doInvoke(Invoker.java:66)
	at io.cucumber.java.Invoker.invoke(Invoker.java:24)
	at io.cucumber.java.AbstractGlueDefinition.invokeMethod(AbstractGlueDefinition.java:47)
	at io.cucumber.java.JavaHookDefinition.execute(JavaHookDefinition.java:64)
	at io.cucumber.core.runner.CoreHookDefinition.execute(CoreHookDefinition.java:46)
	at io.cucumber.core.runner.HookDefinitionMatch.runStep(HookDefinitionMatch.java:21)
	at io.cucumber.core.runner.ExecutionMode$1.execute(ExecutionMode.java:10)
	at io.cucumber.core.runner.TestStep.executeStep(TestStep.java:85)
	at io.cucumber.core.runner.TestStep.run(TestStep.java:57)
	at io.cucumber.core.runner.TestCase.run(TestCase.java:78)
	at io.cucumber.core.runner.Runner.runPickle(Runner.java:75)
	at io.cucumber.testng.TestNGCucumberRunner.lambda$runScenario$1(TestNGCucumberRunner.java:132)
	at io.cucumber.core.runtime.CucumberExecutionContext.lambda$runTestCase$5(CucumberExecutionContext.java:129)
	at io.cucumber.core.runtime.RethrowingThrowableCollector.executeAndThrow(RethrowingThrowableCollector.java:23)
	at io.cucumber.core.runtime.CucumberExecutionContext.runTestCase(CucumberExecutionContext.java:129)
	at io.cucumber.testng.TestNGCucumberRunner.runScenario(TestNGCucumberRunner.java:129)
	at io.cucumber.testng.AbstractTestNGCucumberTests.runScenario(AbstractTestNGCucumberTests.java:35)
	at java.base/jdk.internal.reflect.NativeMethodAccessorImpl.invoke0(Native Method)
	at java.base/jdk.internal.reflect.NativeMethodAccessorImpl.invoke(NativeMethodAccessorImpl.java:77)
	at java.base/jdk.internal.reflect.DelegatingMethodAccessorImpl.invoke(DelegatingMethodAccessorImpl.java:43)
	at java.base/java.lang.reflect.Method.invoke(Method.java:568)
	at org.testng.internal.MethodInvocationHelper.invokeMethod(MethodInvocationHelper.java:133)
	at org.testng.internal.TestInvoker.invokeMethod(TestInvoker.java:598)
	at org.testng.internal.TestInvoker.invokeTestMethod(TestInvoker.java:173)
	at org.testng.internal.MethodRunner.runInSequence(MethodRunner.java:46)
	at org.testng.internal.TestInvoker$MethodInvocationAgent.invoke(TestInvoker.java:824)
	at org.testng.internal.TestInvoker.invokeTestMethods(TestInvoker.java:146)
	at org.testng.internal.TestMethodWorker.invokeTestMethods(TestMethodWorker.java:146)
	at org.testng.internal.TestMethodWorker.run(TestMethodWorker.java:128)
	at java.base/java.util.ArrayList.forEach(ArrayList.java:1511)
	at org.testng.TestRunner.privateRun(TestRunner.java:794)
	at org.testng.TestRunner.run(TestRunner.java:596)
	at org.testng.SuiteRunner.runTest(SuiteRunner.java:377)
	at org.testng.SuiteRunner.runSequentially(SuiteRunner.java:371)
	at org.testng.SuiteRunner.privateRun(SuiteRunner.java:332)
	at org.testng.SuiteRunner.run(SuiteRunner.java:276)
	at org.testng.SuiteRunnerWorker.runSuite(SuiteRunnerWorker.java:53)
	at org.testng.SuiteRunnerWorker.run(SuiteRunnerWorker.java:96)
	at org.testng.TestNG.runSuitesSequentially(TestNG.java:1212)
	at org.testng.TestNG.runSuitesLocally(TestNG.java:1134)
	at org.testng.TestNG.runSuites(TestNG.java:1063)
	at org.testng.TestNG.run(TestNG.java:1031)
	at org.testng.remote.AbstractRemoteTestNG.run(AbstractRemoteTestNG.java:115)
	at org.testng.remote.RemoteTestNG.initAndRun(RemoteTestNG.java:251)
	at org.testng.remote.RemoteTestNG.main(RemoteTestNG.java:77)
</textarea>
      
      </div>
                  </div>
                  <div class="step skip-bg">
                    <span>Given Navigate to URL</span>
      <div>Step skipped
      </div>
                  </div>
                  <div class="step skip-bg">
                    <span>When Enter usrename and password and click on login button</span>
      <div>Step skipped
      </div>
                  </div>
                  <div class="step skip-bg">
                    <span>Then User should land on homepage</span>
      <div>Step skipped
      </div>
                  </div>
                  <div class="step fail-bg">
                    <span>stepDefinitions.Hooks1.teardown(io.cucumber.java.Scenario)</span>
      <div>
        <textarea disabled class="code-block">java.lang.NullPointerException: Cannot invoke "org.openqa.selenium.TakesScreenshot.getScreenshotAs(org.openqa.selenium.OutputType)" because "ts" is null
	at stepDefinitions.Hooks1.teardown(Hooks1.java:26)
</textarea>
      
      </div>
                  </div>
                  <div class="step fail-bg">
                    <span>stepDefinitions.Hooks.teardown(io.cucumber.java.Scenario)</span>
      <div>
        <textarea disabled class="code-block">java.lang.NullPointerException: Cannot invoke "org.openqa.selenium.TakesScreenshot.getScreenshotAs(org.openqa.selenium.OutputType)" because "ts" is null
	at stepDefinitions.Hooks.teardown(Hooks.java:27)
</textarea>
      
      </div>
                  </div>
              </div>
            </div>
            <div class="card-body l1">
              <div class="card-header">
                <div class="card-title outline-child">
                  <div class="node" id="54"><span class="badge log fail-bg mr-2">Fail</span>Multiple login</div>
                </div>
              </div>
              <div class="card-body mt-3 ">
                  <div class="step fail-bg">
                    <span>stepDefinitions.Hooks.setup()</span>
      <div>
        <textarea disabled class="code-block">org.openqa.selenium.remote.NoSuchDriverException: Unable to obtain: Capabilities {browserName: chrome, goog:chromeOptions: {args: [--remote-allow-origins=*], extensions: []}}
	at org.openqa.selenium.remote.service.DriverFinder.getPath(DriverFinder.java:29)
	at org.openqa.selenium.chrome.ChromeDriver.generateExecutor(ChromeDriver.java:98)
	at org.openqa.selenium.chrome.ChromeDriver.<init>(ChromeDriver.java:87)
	at org.openqa.selenium.chrome.ChromeDriver.<init>(ChromeDriver.java:82)
	at org.openqa.selenium.chrome.ChromeDriver.<init>(ChromeDriver.java:50)
	at base.TestBase.launchDriver(TestBase.java:32)
	at stepDefinitions.Hooks.setup(Hooks.java:20)
Caused by: org.openqa.selenium.WebDriverException: Unsuccessful command executed: [C:\Users\shubh\AppData\Local\Temp\selenium-manager75145787882693008495441656172178835\selenium-manager.exe, --browser, chrome, --output, json]
The chromedriver version cannot be discovered
Build info: version: '4.10.0', revision: 'c14d967899'
System info: os.name: 'Windows 11', os.arch: 'amd64', os.version: '10.0', java.version: '17.0.4.1'
Driver info: driver.version: ChromeDriver
	at org.openqa.selenium.manager.SeleniumManager.runCommand(SeleniumManager.java:130)
	at org.openqa.selenium.manager.SeleniumManager.getDriverPath(SeleniumManager.java:251)
	at org.openqa.selenium.remote.service.DriverFinder.getPath(DriverFinder.java:27)
	at org.openqa.selenium.chrome.ChromeDriver.generateExecutor(ChromeDriver.java:98)
	at org.openqa.selenium.chrome.ChromeDriver.<init>(ChromeDriver.java:87)
	at org.openqa.selenium.chrome.ChromeDriver.<init>(ChromeDriver.java:82)
	at org.openqa.selenium.chrome.ChromeDriver.<init>(ChromeDriver.java:50)
	at base.TestBase.launchDriver(TestBase.java:32)
	at stepDefinitions.Hooks.setup(Hooks.java:20)
	at java.base/jdk.internal.reflect.NativeMethodAccessorImpl.invoke0(Native Method)
	at java.base/jdk.internal.reflect.NativeMethodAccessorImpl.invoke(NativeMethodAccessorImpl.java:77)
	at java.base/jdk.internal.reflect.DelegatingMethodAccessorImpl.invoke(DelegatingMethodAccessorImpl.java:43)
	at java.base/java.lang.reflect.Method.invoke(Method.java:568)
	at io.cucumber.java.Invoker.doInvoke(Invoker.java:66)
	at io.cucumber.java.Invoker.invoke(Invoker.java:24)
	at io.cucumber.java.AbstractGlueDefinition.invokeMethod(AbstractGlueDefinition.java:47)
	at io.cucumber.java.JavaHookDefinition.execute(JavaHookDefinition.java:64)
	at io.cucumber.core.runner.CoreHookDefinition.execute(CoreHookDefinition.java:46)
	at io.cucumber.core.runner.HookDefinitionMatch.runStep(HookDefinitionMatch.java:21)
	at io.cucumber.core.runner.ExecutionMode$1.execute(ExecutionMode.java:10)
	at io.cucumber.core.runner.TestStep.executeStep(TestStep.java:85)
	at io.cucumber.core.runner.TestStep.run(TestStep.java:57)
	at io.cucumber.core.runner.TestCase.run(TestCase.java:78)
	at io.cucumber.core.runner.Runner.runPickle(Runner.java:75)
	at io.cucumber.testng.TestNGCucumberRunner.lambda$runScenario$1(TestNGCucumberRunner.java:132)
	at io.cucumber.core.runtime.CucumberExecutionContext.lambda$runTestCase$5(CucumberExecutionContext.java:129)
	at io.cucumber.core.runtime.RethrowingThrowableCollector.executeAndThrow(RethrowingThrowableCollector.java:23)
	at io.cucumber.core.runtime.CucumberExecutionContext.runTestCase(CucumberExecutionContext.java:129)
	at io.cucumber.testng.TestNGCucumberRunner.runScenario(TestNGCucumberRunner.java:129)
	at io.cucumber.testng.AbstractTestNGCucumberTests.runScenario(AbstractTestNGCucumberTests.java:35)
	at java.base/jdk.internal.reflect.NativeMethodAccessorImpl.invoke0(Native Method)
	at java.base/jdk.internal.reflect.NativeMethodAccessorImpl.invoke(NativeMethodAccessorImpl.java:77)
	at java.base/jdk.internal.reflect.DelegatingMethodAccessorImpl.invoke(DelegatingMethodAccessorImpl.java:43)
	at java.base/java.lang.reflect.Method.invoke(Method.java:568)
	at org.testng.internal.MethodInvocationHelper.invokeMethod(MethodInvocationHelper.java:133)
	at org.testng.internal.TestInvoker.invokeMethod(TestInvoker.java:598)
	at org.testng.internal.TestInvoker.invokeTestMethod(TestInvoker.java:173)
	at org.testng.internal.MethodRunner.runInSequence(MethodRunner.java:46)
	at org.testng.internal.TestInvoker$MethodInvocationAgent.invoke(TestInvoker.java:824)
	at org.testng.internal.TestInvoker.invokeTestMethods(TestInvoker.java:146)
	at org.testng.internal.TestMethodWorker.invokeTestMethods(TestMethodWorker.java:146)
	at org.testng.internal.TestMethodWorker.run(TestMethodWorker.java:128)
	at java.base/java.util.ArrayList.forEach(ArrayList.java:1511)
	at org.testng.TestRunner.privateRun(TestRunner.java:794)
	at org.testng.TestRunner.run(TestRunner.java:596)
	at org.testng.SuiteRunner.runTest(SuiteRunner.java:377)
	at org.testng.SuiteRunner.runSequentially(SuiteRunner.java:371)
	at org.testng.SuiteRunner.privateRun(SuiteRunner.java:332)
	at org.testng.SuiteRunner.run(SuiteRunner.java:276)
	at org.testng.SuiteRunnerWorker.runSuite(SuiteRunnerWorker.java:53)
	at org.testng.SuiteRunnerWorker.run(SuiteRunnerWorker.java:96)
	at org.testng.TestNG.runSuitesSequentially(TestNG.java:1212)
	at org.testng.TestNG.runSuitesLocally(TestNG.java:1134)
	at org.testng.TestNG.runSuites(TestNG.java:1063)
	at org.testng.TestNG.run(TestNG.java:1031)
	at org.testng.remote.AbstractRemoteTestNG.run(AbstractRemoteTestNG.java:115)
	at org.testng.remote.RemoteTestNG.initAndRun(RemoteTestNG.java:251)
	at org.testng.remote.RemoteTestNG.main(RemoteTestNG.java:77)
</textarea>
      
      </div>
                  </div>
                  <div class="step fail-bg">
                    <span>stepDefinitions.Hooks1.setup()</span>
      <div>
        <textarea disabled class="code-block">org.openqa.selenium.remote.NoSuchDriverException: Unable to obtain: Capabilities {browserName: chrome, goog:chromeOptions: {args: [--remote-allow-origins=*], extensions: []}}
	at org.openqa.selenium.remote.service.DriverFinder.getPath(DriverFinder.java:29)
	at org.openqa.selenium.chrome.ChromeDriver.generateExecutor(ChromeDriver.java:98)
	at org.openqa.selenium.chrome.ChromeDriver.<init>(ChromeDriver.java:87)
	at org.openqa.selenium.chrome.ChromeDriver.<init>(ChromeDriver.java:82)
	at org.openqa.selenium.chrome.ChromeDriver.<init>(ChromeDriver.java:50)
	at base.TestBase1.launchDriver(TestBase1.java:28)
	at stepDefinitions.Hooks1.setup(Hooks1.java:18)
Caused by: org.openqa.selenium.WebDriverException: Unsuccessful command executed: [C:\Users\shubh\AppData\Local\Temp\selenium-manager75145787882693008495441656172178835\selenium-manager.exe, --browser, chrome, --output, json]
The chromedriver version cannot be discovered
Build info: version: '4.10.0', revision: 'c14d967899'
System info: os.name: 'Windows 11', os.arch: 'amd64', os.version: '10.0', java.version: '17.0.4.1'
Driver info: driver.version: ChromeDriver
	at org.openqa.selenium.manager.SeleniumManager.runCommand(SeleniumManager.java:130)
	at org.openqa.selenium.manager.SeleniumManager.getDriverPath(SeleniumManager.java:251)
	at org.openqa.selenium.remote.service.DriverFinder.getPath(DriverFinder.java:27)
	at org.openqa.selenium.chrome.ChromeDriver.generateExecutor(ChromeDriver.java:98)
	at org.openqa.selenium.chrome.ChromeDriver.<init>(ChromeDriver.java:87)
	at org.openqa.selenium.chrome.ChromeDriver.<init>(ChromeDriver.java:82)
	at org.openqa.selenium.chrome.ChromeDriver.<init>(ChromeDriver.java:50)
	at base.TestBase1.launchDriver(TestBase1.java:28)
	at stepDefinitions.Hooks1.setup(Hooks1.java:18)
	at java.base/jdk.internal.reflect.NativeMethodAccessorImpl.invoke0(Native Method)
	at java.base/jdk.internal.reflect.NativeMethodAccessorImpl.invoke(NativeMethodAccessorImpl.java:77)
	at java.base/jdk.internal.reflect.DelegatingMethodAccessorImpl.invoke(DelegatingMethodAccessorImpl.java:43)
	at java.base/java.lang.reflect.Method.invoke(Method.java:568)
	at io.cucumber.java.Invoker.doInvoke(Invoker.java:66)
	at io.cucumber.java.Invoker.invoke(Invoker.java:24)
	at io.cucumber.java.AbstractGlueDefinition.invokeMethod(AbstractGlueDefinition.java:47)
	at io.cucumber.java.JavaHookDefinition.execute(JavaHookDefinition.java:64)
	at io.cucumber.core.runner.CoreHookDefinition.execute(CoreHookDefinition.java:46)
	at io.cucumber.core.runner.HookDefinitionMatch.runStep(HookDefinitionMatch.java:21)
	at io.cucumber.core.runner.ExecutionMode$1.execute(ExecutionMode.java:10)
	at io.cucumber.core.runner.TestStep.executeStep(TestStep.java:85)
	at io.cucumber.core.runner.TestStep.run(TestStep.java:57)
	at io.cucumber.core.runner.TestCase.run(TestCase.java:78)
	at io.cucumber.core.runner.Runner.runPickle(Runner.java:75)
	at io.cucumber.testng.TestNGCucumberRunner.lambda$runScenario$1(TestNGCucumberRunner.java:132)
	at io.cucumber.core.runtime.CucumberExecutionContext.lambda$runTestCase$5(CucumberExecutionContext.java:129)
	at io.cucumber.core.runtime.RethrowingThrowableCollector.executeAndThrow(RethrowingThrowableCollector.java:23)
	at io.cucumber.core.runtime.CucumberExecutionContext.runTestCase(CucumberExecutionContext.java:129)
	at io.cucumber.testng.TestNGCucumberRunner.runScenario(TestNGCucumberRunner.java:129)
	at io.cucumber.testng.AbstractTestNGCucumberTests.runScenario(AbstractTestNGCucumberTests.java:35)
	at java.base/jdk.internal.reflect.NativeMethodAccessorImpl.invoke0(Native Method)
	at java.base/jdk.internal.reflect.NativeMethodAccessorImpl.invoke(NativeMethodAccessorImpl.java:77)
	at java.base/jdk.internal.reflect.DelegatingMethodAccessorImpl.invoke(DelegatingMethodAccessorImpl.java:43)
	at java.base/java.lang.reflect.Method.invoke(Method.java:568)
	at org.testng.internal.MethodInvocationHelper.invokeMethod(MethodInvocationHelper.java:133)
	at org.testng.internal.TestInvoker.invokeMethod(TestInvoker.java:598)
	at org.testng.internal.TestInvoker.invokeTestMethod(TestInvoker.java:173)
	at org.testng.internal.MethodRunner.runInSequence(MethodRunner.java:46)
	at org.testng.internal.TestInvoker$MethodInvocationAgent.invoke(TestInvoker.java:824)
	at org.testng.internal.TestInvoker.invokeTestMethods(TestInvoker.java:146)
	at org.testng.internal.TestMethodWorker.invokeTestMethods(TestMethodWorker.java:146)
	at org.testng.internal.TestMethodWorker.run(TestMethodWorker.java:128)
	at java.base/java.util.ArrayList.forEach(ArrayList.java:1511)
	at org.testng.TestRunner.privateRun(TestRunner.java:794)
	at org.testng.TestRunner.run(TestRunner.java:596)
	at org.testng.SuiteRunner.runTest(SuiteRunner.java:377)
	at org.testng.SuiteRunner.runSequentially(SuiteRunner.java:371)
	at org.testng.SuiteRunner.privateRun(SuiteRunner.java:332)
	at org.testng.SuiteRunner.run(SuiteRunner.java:276)
	at org.testng.SuiteRunnerWorker.runSuite(SuiteRunnerWorker.java:53)
	at org.testng.SuiteRunnerWorker.run(SuiteRunnerWorker.java:96)
	at org.testng.TestNG.runSuitesSequentially(TestNG.java:1212)
	at org.testng.TestNG.runSuitesLocally(TestNG.java:1134)
	at org.testng.TestNG.runSuites(TestNG.java:1063)
	at org.testng.TestNG.run(TestNG.java:1031)
	at org.testng.remote.AbstractRemoteTestNG.run(AbstractRemoteTestNG.java:115)
	at org.testng.remote.RemoteTestNG.initAndRun(RemoteTestNG.java:251)
	at org.testng.remote.RemoteTestNG.main(RemoteTestNG.java:77)
</textarea>
      
      </div>
                  </div>
                  <div class="step skip-bg">
                    <span>Given Navigate to URL</span>
      <div>Step skipped
      </div>
                  </div>
                  <div class="step skip-bg">
                    <span>When Enter usrename and password and click on login button</span>
      <div>Step skipped
      </div>
                  </div>
                  <div class="step skip-bg">
                    <span>Then User should land on homepage</span>
      <div>Step skipped
      </div>
                  </div>
                  <div class="step fail-bg">
                    <span>stepDefinitions.Hooks1.teardown(io.cucumber.java.Scenario)</span>
      <div>
        <textarea disabled class="code-block">java.lang.NullPointerException: Cannot invoke "org.openqa.selenium.TakesScreenshot.getScreenshotAs(org.openqa.selenium.OutputType)" because "ts" is null
	at stepDefinitions.Hooks1.teardown(Hooks1.java:26)
</textarea>
      
      </div>
                  </div>
                  <div class="step fail-bg">
                    <span>stepDefinitions.Hooks.teardown(io.cucumber.java.Scenario)</span>
      <div>
        <textarea disabled class="code-block">java.lang.NullPointerException: Cannot invoke "org.openqa.selenium.TakesScreenshot.getScreenshotAs(org.openqa.selenium.OutputType)" because "ts" is null
	at stepDefinitions.Hooks.teardown(Hooks.java:27)
</textarea>
      
      </div>
                  </div>
              </div>
            </div>
        </div>
  </div>
</div>
          </div>
        </li>
      </ul>
    </div>
  </div>
<div class="test-content scrollable">
<div class="test-content-tools">
<ul><li><a class="back-to-test" href="#"><i class="fa fa-arrow-left"></i></a></li></ul>
</div>
<div class="test-content-detail"><div class="detail-body"></div></div>
</div></div>
<div class="test-wrapper row view exception-view attributes-view">
<div class="test-list">
<div class="test-list-tools">
<ul class="tools pull-left"><li><a href=""><span class="font-size-14">Exception</span></a></li></ul>
<ul class="tools text-right"><li><a href="#"><span class="badge badge-primary">2</span></a></li></ul>
</div>
<div class="test-list-wrapper scrollable">
<ul class="test-list-item">
<li class="test-item">
<div class="test-detail">
<span class="meta">
<span class='badge log badge-danger'>14</span>
</span>
<p class="name">java.lang.NullPointerException</p>
<p class="duration text-sm">14 tests</p>
</div>
<div class="test-contents d-none">
<div class="info">
<h4>java.lang.NullPointerException</h4>
<span status="fail" class='badge log badge-danger'>14 failed</span>
</div>
<table class='table table-sm mt-4'>
<thead>
<tr>
<th class="status-col">Status</th>
<th class="timestamp-col">Timestamp</th>
<th>TestName</th>
</tr>
</thead>
<tbody>
<tr class="tag-test-status" status="fail">
<td><span class="badge log fail-bg">Fail</span></td>
<td>18:58:15 pm</td>
<td>
<a href="#" class="linked" test-id='1' id='8'>stepDefinitions.Hooks1.teardown(io.cucumber.java.Scenario)</a>
<div class="">
<span class="badge badge-default">Home page.Check home page.stepDefinitions.Hooks1.teardown(io.cucumber.java.Scenario)</span>
</div>
</td>
</tr>
<tr class="tag-test-status" status="fail">
<td><span class="badge log fail-bg">Fail</span></td>
<td>18:58:15 pm</td>
<td>
<a href="#" class="linked" test-id='1' id='9'>stepDefinitions.Hooks.teardown(io.cucumber.java.Scenario)</a>
<div class="">
<span class="badge badge-default">Home page.Check home page.stepDefinitions.Hooks.teardown(io.cucumber.java.Scenario)</span>
</div>
</td>
</tr>
<tr class="tag-test-status" status="fail">
<td><span class="badge log fail-bg">Fail</span></td>
<td>18:58:26 pm</td>
<td>
<a href="#" class="linked" test-id='10' id='17'>stepDefinitions.Hooks1.teardown(io.cucumber.java.Scenario)</a>
<div class="">
<span class="badge badge-default">Login.Login with correct credentials.stepDefinitions.Hooks1.teardown(io.cucumber.java.Scenario)</span>
</div>
</td>
</tr>
<tr class="tag-test-status" status="fail">
<td><span class="badge log fail-bg">Fail</span></td>
<td>18:58:26 pm</td>
<td>
<a href="#" class="linked" test-id='10' id='18'>stepDefinitions.Hooks.teardown(io.cucumber.java.Scenario)</a>
<div class="">
<span class="badge badge-default">Login.Login with correct credentials.stepDefinitions.Hooks.teardown(io.cucumber.java.Scenario)</span>
</div>
</td>
</tr>
<tr class="tag-test-status" status="fail">
<td><span class="badge log fail-bg">Fail</span></td>
<td>18:58:33 pm</td>
<td>
<a href="#" class="linked" test-id='10' id='25'>stepDefinitions.Hooks1.teardown(io.cucumber.java.Scenario)</a>
<div class="">
<span class="badge badge-default">Login.Login with wrong credentials.stepDefinitions.Hooks1.teardown(io.cucumber.java.Scenario)</span>
</div>
</td>
</tr>
<tr class="tag-test-status" status="fail">
<td><span class="badge log fail-bg">Fail</span></td>
<td>18:58:33 pm</td>
<td>
<a href="#" class="linked" test-id='10' id='26'>stepDefinitions.Hooks.teardown(io.cucumber.java.Scenario)</a>
<div class="">
<span class="badge badge-default">Login.Login with wrong credentials.stepDefinitions.Hooks.teardown(io.cucumber.java.Scenario)</span>
</div>
</td>
</tr>
<tr class="tag-test-status" status="fail">
<td><span class="badge log fail-bg">Fail</span></td>
<td>18:58:39 pm</td>
<td>
<a href="#" class="linked" test-id='27' id='34'>stepDefinitions.Hooks1.teardown(io.cucumber.java.Scenario)</a>
<div class="">
<span class="badge badge-default">Login.Login with correct credentials.stepDefinitions.Hooks1.teardown(io.cucumber.java.Scenario)</span>
</div>
</td>
</tr>
<tr class="tag-test-status" status="fail">
<td><span class="badge log fail-bg">Fail</span></td>
<td>18:58:39 pm</td>
<td>
<a href="#" class="linked" test-id='27' id='35'>stepDefinitions.Hooks.teardown(io.cucumber.java.Scenario)</a>
<div class="">
<span class="badge badge-default">Login.Login with correct credentials.stepDefinitions.Hooks.teardown(io.cucumber.java.Scenario)</span>
</div>
</td>
</tr>
<tr class="tag-test-status" status="fail">
<td><span class="badge log fail-bg">Fail</span></td>
<td>18:58:46 pm</td>
<td>
<a href="#" class="linked" test-id='36' id='44'>stepDefinitions.Hooks1.teardown(io.cucumber.java.Scenario)</a>
<div class="">
<span class="badge badge-default">Login with multiple username and password.Multiple login.stepDefinitions.Hooks1.teardown(io.cucumber.java.Scenario)</span>
</div>
</td>
</tr>
<tr class="tag-test-status" status="fail">
<td><span class="badge log fail-bg">Fail</span></td>
<td>18:58:46 pm</td>
<td>
<a href="#" class="linked" test-id='36' id='45'>stepDefinitions.Hooks.teardown(io.cucumber.java.Scenario)</a>
<div class="">
<span class="badge badge-default">Login with multiple username and password.Multiple login.stepDefinitions.Hooks.teardown(io.cucumber.java.Scenario)</span>
</div>
</td>
</tr>
<tr class="tag-test-status" status="fail">
<td><span class="badge log fail-bg">Fail</span></td>
<td>18:58:57 pm</td>
<td>
<a href="#" class="linked" test-id='36' id='52'>stepDefinitions.Hooks1.teardown(io.cucumber.java.Scenario)</a>
<div class="">
<span class="badge badge-default">Login with multiple username and password.Multiple login.stepDefinitions.Hooks1.teardown(io.cucumber.java.Scenario)</span>
</div>
</td>
</tr>
<tr class="tag-test-status" status="fail">
<td><span class="badge log fail-bg">Fail</span></td>
<td>18:58:57 pm</td>
<td>
<a href="#" class="linked" test-id='36' id='53'>stepDefinitions.Hooks.teardown(io.cucumber.java.Scenario)</a>
<div class="">
<span class="badge badge-default">Login with multiple username and password.Multiple login.stepDefinitions.Hooks.teardown(io.cucumber.java.Scenario)</span>
</div>
</td>
</tr>
<tr class="tag-test-status" status="fail">
<td><span class="badge log fail-bg">Fail</span></td>
<td>18:59:06 pm</td>
<td>
<a href="#" class="linked" test-id='36' id='60'>stepDefinitions.Hooks1.teardown(io.cucumber.java.Scenario)</a>
<div class="">
<span class="badge badge-default">Login with multiple username and password.Multiple login.stepDefinitions.Hooks1.teardown(io.cucumber.java.Scenario)</span>
</div>
</td>
</tr>
<tr class="tag-test-status" status="fail">
<td><span class="badge log fail-bg">Fail</span></td>
<td>18:59:06 pm</td>
<td>
<a href="#" class="linked" test-id='36' id='61'>stepDefinitions.Hooks.teardown(io.cucumber.java.Scenario)</a>
<div class="">
<span class="badge badge-default">Login with multiple username and password.Multiple login.stepDefinitions.Hooks.teardown(io.cucumber.java.Scenario)</span>
</div>
</td>
</tr>
</tbody>
</table>
</div>
</li>
<li class="test-item">
<div class="test-detail">
<span class="meta">
<span class='badge log badge-danger'>14</span>
</span>
<p class="name">org.openqa.selenium.remote.NoSuchDriverException</p>
<p class="duration text-sm">14 tests</p>
</div>
<div class="test-contents d-none">
<div class="info">
<h4>org.openqa.selenium.remote.NoSuchDriverException</h4>
<span status="fail" class='badge log badge-danger'>14 failed</span>
</div>
<table class='table table-sm mt-4'>
<thead>
<tr>
<th class="status-col">Status</th>
<th class="timestamp-col">Timestamp</th>
<th>TestName</th>
</tr>
</thead>
<tbody>
<tr class="tag-test-status" status="fail">
<td><span class="badge log fail-bg">Fail</span></td>
<td>18:58:05 pm</td>
<td>
<a href="#" class="linked" test-id='1' id='3'>stepDefinitions.Hooks.setup()</a>
<div class="">
<span class="badge badge-default">Home page.Check home page.stepDefinitions.Hooks.setup()</span>
</div>
</td>
</tr>
<tr class="tag-test-status" status="fail">
<td><span class="badge log fail-bg">Fail</span></td>
<td>18:58:09 pm</td>
<td>
<a href="#" class="linked" test-id='1' id='4'>stepDefinitions.Hooks1.setup()</a>
<div class="">
<span class="badge badge-default">Home page.Check home page.stepDefinitions.Hooks1.setup()</span>
</div>
</td>
</tr>
<tr class="tag-test-status" status="fail">
<td><span class="badge log fail-bg">Fail</span></td>
<td>18:58:15 pm</td>
<td>
<a href="#" class="linked" test-id='10' id='12'>stepDefinitions.Hooks.setup()</a>
<div class="">
<span class="badge badge-default">Login.Login with correct credentials.stepDefinitions.Hooks.setup()</span>
</div>
</td>
</tr>
<tr class="tag-test-status" status="fail">
<td><span class="badge log fail-bg">Fail</span></td>
<td>18:58:21 pm</td>
<td>
<a href="#" class="linked" test-id='10' id='13'>stepDefinitions.Hooks1.setup()</a>
<div class="">
<span class="badge badge-default">Login.Login with correct credentials.stepDefinitions.Hooks1.setup()</span>
</div>
</td>
</tr>
<tr class="tag-test-status" status="fail">
<td><span class="badge log fail-bg">Fail</span></td>
<td>18:58:26 pm</td>
<td>
<a href="#" class="linked" test-id='10' id='20'>stepDefinitions.Hooks.setup()</a>
<div class="">
<span class="badge badge-default">Login.Login with wrong credentials.stepDefinitions.Hooks.setup()</span>
</div>
</td>
</tr>
<tr class="tag-test-status" status="fail">
<td><span class="badge log fail-bg">Fail</span></td>
<td>18:58:30 pm</td>
<td>
<a href="#" class="linked" test-id='10' id='21'>stepDefinitions.Hooks1.setup()</a>
<div class="">
<span class="badge badge-default">Login.Login with wrong credentials.stepDefinitions.Hooks1.setup()</span>
</div>
</td>
</tr>
<tr class="tag-test-status" status="fail">
<td><span class="badge log fail-bg">Fail</span></td>
<td>18:58:33 pm</td>
<td>
<a href="#" class="linked" test-id='27' id='29'>stepDefinitions.Hooks.setup()</a>
<div class="">
<span class="badge badge-default">Login.Login with correct credentials.stepDefinitions.Hooks.setup()</span>
</div>
</td>
</tr>
<tr class="tag-test-status" status="fail">
<td><span class="badge log fail-bg">Fail</span></td>
<td>18:58:36 pm</td>
<td>
<a href="#" class="linked" test-id='27' id='30'>stepDefinitions.Hooks1.setup()</a>
<div class="">
<span class="badge badge-default">Login.Login with correct credentials.stepDefinitions.Hooks1.setup()</span>
</div>
</td>
</tr>
<tr class="tag-test-status" status="fail">
<td><span class="badge log fail-bg">Fail</span></td>
<td>18:58:39 pm</td>
<td>
<a href="#" class="linked" test-id='36' id='39'>stepDefinitions.Hooks.setup()</a>
<div class="">
<span class="badge badge-default">Login with multiple username and password.Multiple login.stepDefinitions.Hooks.setup()</span>
</div>
</td>
</tr>
<tr class="tag-test-status" status="fail">
<td><span class="badge log fail-bg">Fail</span></td>
<td>18:58:43 pm</td>
<td>
<a href="#" class="linked" test-id='36' id='40'>stepDefinitions.Hooks1.setup()</a>
<div class="">
<span class="badge badge-default">Login with multiple username and password.Multiple login.stepDefinitions.Hooks1.setup()</span>
</div>
</td>
</tr>
<tr class="tag-test-status" status="fail">
<td><span class="badge log fail-bg">Fail</span></td>
<td>18:58:46 pm</td>
<td>
<a href="#" class="linked" test-id='36' id='47'>stepDefinitions.Hooks.setup()</a>
<div class="">
<span class="badge badge-default">Login with multiple username and password.Multiple login.stepDefinitions.Hooks.setup()</span>
</div>
</td>
</tr>
<tr class="tag-test-status" status="fail">
<td><span class="badge log fail-bg">Fail</span></td>
<td>18:58:52 pm</td>
<td>
<a href="#" class="linked" test-id='36' id='48'>stepDefinitions.Hooks1.setup()</a>
<div class="">
<span class="badge badge-default">Login with multiple username and password.Multiple login.stepDefinitions.Hooks1.setup()</span>
</div>
</td>
</tr>
<tr class="tag-test-status" status="fail">
<td><span class="badge log fail-bg">Fail</span></td>
<td>18:58:57 pm</td>
<td>
<a href="#" class="linked" test-id='36' id='55'>stepDefinitions.Hooks.setup()</a>
<div class="">
<span class="badge badge-default">Login with multiple username and password.Multiple login.stepDefinitions.Hooks.setup()</span>
</div>
</td>
</tr>
<tr class="tag-test-status" status="fail">
<td><span class="badge log fail-bg">Fail</span></td>
<td>18:59:01 pm</td>
<td>
<a href="#" class="linked" test-id='36' id='56'>stepDefinitions.Hooks1.setup()</a>
<div class="">
<span class="badge badge-default">Login with multiple username and password.Multiple login.stepDefinitions.Hooks1.setup()</span>
</div>
</td>
</tr>
</tbody>
</table>
</div>
</li>
</ul>
</div>
</div>
<div class="test-content scrollable">
<div class="test-content-detail">
<div class="detail-body"></div>
</div>
</div>
</div><div class="container-fluid p-4 view dashboard-view">
<div class="row">
<div class="col-md-3">
<div class="card"><div class="card-body">
<p class="m-b-0">Started</p>
<h3>Nov 6, 2023 06:58:04 pm</h3>
</div></div>
</div>
<div class="col-md-3">
<div class="card"><div class="card-body">
<p class="m-b-0">Ended</p>
<h3>Nov 6, 2023 06:59:06 pm</h3>
</div></div>
</div>
<div class="col-md-3">
<div class="card"><div class="card-body">
<p class="m-b-0 text-pass">Features Passed</p>
<h3>0</h3>
</div></div>
</div>
<div class="col-md-3">
<div class="card"><div class="card-body">
<p class="m-b-0 text-fail">Features Failed</p>
<h3>4</h3>
</div></div>
</div>
</div>
<div class="row">
<div class="col-md-4">
<div class="card">
<div class="card-header">
<h6 class="card-title">Features</h6>
</div>
<div class="card-body">
<div class="">
<canvas id='parent-analysis' width='115' height='90'></canvas>
</div>
</div>
<div class="card-footer">
<div><small data-tooltip='0%'>
<b>0</b> features passed
</small>
</div>
<div>
<small data-tooltip='100%'><b>4</b> features failed,
<b>0</b> skipped, <b data-tooltip='0%'>0</b> others
</small>
</div>
</div>
</div>
</div>
<div class="col-md-4">
<div class="card">
<div class="card-header">
<h6 class="card-title">Scenarios</h6>
</div>
<div class="card-body">
<div class="">
<canvas id='child-analysis' width='115' height='90'></canvas>
</div>
</div>
<div class="card-footer">
<div><small data-tooltip='0%'><b>0</b> scenarios passed</small></div>
<div>
<small data-tooltip='100%'><b>7</b> scenarios failed,
<b>0</b> skipped, <b data-tooltip='%'>0</b> others
</small>
</div>
</div>
</div>
</div>
<div class="col-md-4">
<div class="card">
<div class="card-header">
<h6 class="card-title">Steps</h6>
</div>
<div class="card-body">
<div class="">
<canvas id='grandchild-analysis' width='115' height='90'></canvas>
</div>
</div>
<div class="card-footer">
<div><small data-tooltip='0%'><b>0</b> steps passed</small></div>
<div>
<small data-tooltip='57%'><b>28</b> steps failed,
<b>21</b> skipped, <b data-tooltip='%'>0</b> others
</small>
</div>
</div>
</div>
</div>
</div>
<div class="row"><div class="col-md-12">
<div class="card"><div class="card-header"><p>Timeline</p></div>
<div class="card-body pt-0"><div>
<canvas id="timeline" height="120"></canvas>
</div></div>
</div>
</div></div>
<script>
var timeline = {
"Home page":10.274,"Login":17.77,"Login":6.345,"Login with multiple username and password":26.633
};
</script>
<div class="row">
</div>
</div>
<script>
var statusGroup = {
parentCount: 5,
passParent: 0,
failParent: 4,
warningParent: 0,
skipParent: 0,
childCount: 5,
passChild: 0,
failChild: 7,
warningChild: 0,
skipChild: 0,
infoChild: 0,
grandChildCount: 5,
passGrandChild: 0,
failGrandChild: 28,
warningGrandChild: 0,
skipGrandChild: 21,
infoGrandChild: 0,
eventsCount: 5,
};
</script>        </div>
      </div>
    </div>
  </div>
<script src="https://cdn.jsdelivr.net/gh/extent-framework/extent-github-cdn@d6562a79075e061305ccfdb82f01e5e195e2d307/spark/js/spark-script.js"></script>
<script type="text/javascript"></script></body>
</html>